/home/laptop13/ros2_nbv_ws/install/nbv_planner/lib/python3.12/site-packages/nbv_planner/nbv_planner_node.py
/home/laptop13/ros2_nbv_ws/install/nbv_planner/lib/python3.12/site-packages/nbv_planner/__init__.py
/home/laptop13/ros2_nbv_ws/install/nbv_planner/lib/python3.12/site-packages/nbv_planner/test_candidate_views.py
/home/laptop13/ros2_nbv_ws/install/nbv_planner/lib/python3.12/site-packages/nbv_planner/__pycache__/nbv_planner_node.cpython-312.pyc
/home/laptop13/ros2_nbv_ws/install/nbv_planner/lib/python3.12/site-packages/nbv_planner/__pycache__/__init__.cpython-312.pyc
/home/laptop13/ros2_nbv_ws/install/nbv_planner/lib/python3.12/site-packages/nbv_planner/__pycache__/test_candidate_views.cpython-312.pyc
/home/laptop13/ros2_nbv_ws/install/nbv_planner/share/ament_index/resource_index/packages/nbv_planner
/home/laptop13/ros2_nbv_ws/install/nbv_planner/share/nbv_planner/package.xml
/home/laptop13/ros2_nbv_ws/install/nbv_planner/share/nbv_planner/launch/nbv_planner_launch.py
/home/laptop13/ros2_nbv_ws/install/nbv_planner/share/nbv_planner/launch/test_candidate_launch.py
/home/laptop13/ros2_nbv_ws/install/nbv_planner/share/nbv_planner/candidate_views/candidate_views_200.txt
/home/laptop13/ros2_nbv_ws/install/nbv_planner/share/nbv_planner/rviz/reconstruction_rviz.rviz
/home/laptop13/ros2_nbv_ws/install/nbv_planner/lib/python3.12/site-packages/nbv_planner-0.0.0-py3.12.egg-info/dependency_links.txt
/home/laptop13/ros2_nbv_ws/install/nbv_planner/lib/python3.12/site-packages/nbv_planner-0.0.0-py3.12.egg-info/SOURCES.txt
/home/laptop13/ros2_nbv_ws/install/nbv_planner/lib/python3.12/site-packages/nbv_planner-0.0.0-py3.12.egg-info/top_level.txt
/home/laptop13/ros2_nbv_ws/install/nbv_planner/lib/python3.12/site-packages/nbv_planner-0.0.0-py3.12.egg-info/entry_points.txt
/home/laptop13/ros2_nbv_ws/install/nbv_planner/lib/python3.12/site-packages/nbv_planner-0.0.0-py3.12.egg-info/PKG-INFO
/home/laptop13/ros2_nbv_ws/install/nbv_planner/lib/python3.12/site-packages/nbv_planner-0.0.0-py3.12.egg-info/requires.txt
/home/laptop13/ros2_nbv_ws/install/nbv_planner/lib/python3.12/site-packages/nbv_planner-0.0.0-py3.12.egg-info/zip-safe
/home/laptop13/ros2_nbv_ws/install/nbv_planner/lib/nbv_planner/nbv_planner_node
/home/laptop13/ros2_nbv_ws/install/nbv_planner/lib/nbv_planner/test_candidate_views
