-- The C compiler identification is GNU 13.3.0
-- The CXX compiler identification is GNU 13.3.0
-- Detecting C compiler ABI info
-- Detecting C compiler ABI info - done
-- Check for working C compiler: /usr/bin/cc - skipped
-- Detecting C compile features
-- Detecting C compile features - done
-- Detecting CXX compiler ABI info
-- Detecting CXX compiler ABI info - done
-- Check for working CXX compiler: /usr/bin/c++ - skipped
-- Detecting CXX compile features
-- Detecting CXX compile features - done
-- Found ament_cmake: 2.5.4 (/opt/ros/jazzy/share/ament_cmake/cmake)
-- Found Python3: /usr/bin/python3 (found version "3.12.3") found components: Interpreter 
-- Found geometry_msgs: 5.3.6 (/opt/ros/jazzy/share/geometry_msgs/cmake)
-- Found rosidl_generator_c: 4.6.6 (/opt/ros/jazzy/share/rosidl_generator_c/cmake)
-- Found rosidl_generator_cpp: 4.6.6 (/opt/ros/jazzy/share/rosidl_generator_cpp/cmake)
-- Using all available rosidl_typesupport_c: rosidl_typesupport_fastrtps_c;rosidl_typesupport_introspection_c
-- Using all available rosidl_typesupport_cpp: rosidl_typesupport_fastrtps_cpp;rosidl_typesupport_introspection_cpp
-- Found rosidl_default_generators: 1.6.0 (/opt/ros/jazzy/share/rosidl_default_generators/cmake)
-- Found rosidl_adapter: 4.6.6 (/opt/ros/jazzy/share/rosidl_adapter/cmake)
-- Found ament_cmake_ros: 0.12.0 (/opt/ros/jazzy/share/ament_cmake_ros/cmake)
-- Using all available rosidl_typesupport_c: rosidl_typesupport_fastrtps_c;rosidl_typesupport_introspection_c
-- Using all available rosidl_typesupport_cpp: rosidl_typesupport_fastrtps_cpp;rosidl_typesupport_introspection_cpp
-- Found python_cmake_module: 0.11.1 (/opt/ros/jazzy/share/python_cmake_module/cmake)
-- Found PythonExtra: /usr/bin/python3  
-- Found Python3: /usr/bin/python3 (found version "3.12.3") found components: Interpreter Development NumPy Development.Module Development.Embed 
-- Found ament_lint_auto: 0.17.3 (/opt/ros/jazzy/share/ament_lint_auto/cmake)
-- Added test 'lint_cmake' to check CMake code style
-- Added test 'xmllint' to check XML markup files
-- Configuring done (5.7s)
-- Generating done (0.0s)
-- Build files have been written to: /home/laptop13/ros2_nbv_ws/build/octomap_operations_interfaces
[  1%] [34m[1mGenerating type hashes for ROS interfaces[0m
[  1%] Built target ament_cmake_python_copy_octomap_operations_interfaces
[  1%] Built target octomap_operations_interfaces__rosidl_generator_type_description
running egg_info
creating octomap_operations_interfaces.egg-info
[  3%] [34m[1mGenerating C code for ROS interfaces[0m
writing octomap_operations_interfaces.egg-info/PKG-INFO
writing dependency_links to octomap_operations_interfaces.egg-info/dependency_links.txt
writing top-level names to octomap_operations_interfaces.egg-info/top_level.txt
writing manifest file 'octomap_operations_interfaces.egg-info/SOURCES.txt'
[  4%] [34m[1mGenerating C++ code for ROS interfaces[0m
reading manifest file 'octomap_operations_interfaces.egg-info/SOURCES.txt'
writing manifest file 'octomap_operations_interfaces.egg-info/SOURCES.txt'
[  4%] Built target ament_cmake_python_build_octomap_operations_interfaces_egg
[  4%] Built target octomap_operations_interfaces__cpp
[  6%] [32mBuilding C object CMakeFiles/octomap_operations_interfaces__rosidl_generator_c.dir/rosidl_generator_c/octomap_operations_interfaces/srv/detail/focus_point__description.c.o[0m
[  7%] [32mBuilding C object CMakeFiles/octomap_operations_interfaces__rosidl_generator_c.dir/rosidl_generator_c/octomap_operations_interfaces/srv/detail/stop_octomap_update__description.c.o[0m
[  9%] [32mBuilding C object CMakeFiles/octomap_operations_interfaces__rosidl_generator_c.dir/rosidl_generator_c/octomap_operations_interfaces/srv/detail/stop_octomap_update__functions.c.o[0m
[ 10%] [32mBuilding C object CMakeFiles/octomap_operations_interfaces__rosidl_generator_c.dir/rosidl_generator_c/octomap_operations_interfaces/srv/detail/focus_point__type_support.c.o[0m
[ 14%] [32mBuilding C object CMakeFiles/octomap_operations_interfaces__rosidl_generator_c.dir/rosidl_generator_c/octomap_operations_interfaces/srv/detail/octomap_data__functions.c.o[0m
[ 14%] [32mBuilding C object CMakeFiles/octomap_operations_interfaces__rosidl_generator_c.dir/rosidl_generator_c/octomap_operations_interfaces/srv/detail/octomap_data__description.c.o[0m
[ 15%] [32mBuilding C object CMakeFiles/octomap_operations_interfaces__rosidl_generator_c.dir/rosidl_generator_c/octomap_operations_interfaces/srv/detail/stop_octomap_update__type_support.c.o[0m
[ 17%] [32mBuilding C object CMakeFiles/octomap_operations_interfaces__rosidl_generator_c.dir/rosidl_generator_c/octomap_operations_interfaces/srv/detail/view_evaluate__description.c.o[0m
[ 18%] [32mBuilding C object CMakeFiles/octomap_operations_interfaces__rosidl_generator_c.dir/rosidl_generator_c/octomap_operations_interfaces/srv/detail/focus_point__functions.c.o[0m
[ 20%] [32mBuilding C object CMakeFiles/octomap_operations_interfaces__rosidl_generator_c.dir/rosidl_generator_c/octomap_operations_interfaces/srv/detail/view_evaluate__functions.c.o[0m
[ 21%] [32mBuilding C object CMakeFiles/octomap_operations_interfaces__rosidl_generator_c.dir/rosidl_generator_c/octomap_operations_interfaces/srv/detail/octomap_data__type_support.c.o[0m
[ 23%] [32mBuilding C object CMakeFiles/octomap_operations_interfaces__rosidl_generator_c.dir/rosidl_generator_c/octomap_operations_interfaces/srv/detail/view_evaluate__type_support.c.o[0m
[ 25%] [32m[1mLinking C shared library liboctomap_operations_interfaces__rosidl_generator_c.so[0m
[ 25%] Built target octomap_operations_interfaces__rosidl_generator_c
[ 26%] [34m[1mGenerating C introspection for ROS interfaces[0m
[ 28%] [34m[1mGenerating C type support for eProsima Fast-RTPS[0m
[ 29%] [34m[1mGenerating C++ type support dispatch for ROS interfaces[0m
[ 31%] [34m[1mGenerating C++ type support for eProsima Fast-RTPS[0m
[ 32%] [34m[1mGenerating C type support dispatch for ROS interfaces[0m
[ 34%] [34m[1mGenerating C++ introspection for ROS interfaces[0m
[ 35%] [32mBuilding CXX object CMakeFiles/octomap_operations_interfaces__rosidl_typesupport_c.dir/rosidl_typesupport_c/octomap_operations_interfaces/srv/focus_point__type_support.cpp.o[0m
[ 37%] [32mBuilding CXX object CMakeFiles/octomap_operations_interfaces__rosidl_typesupport_c.dir/rosidl_typesupport_c/octomap_operations_interfaces/srv/view_evaluate__type_support.cpp.o[0m
[ 39%] [32mBuilding CXX object CMakeFiles/octomap_operations_interfaces__rosidl_typesupport_c.dir/rosidl_typesupport_c/octomap_operations_interfaces/srv/octomap_data__type_support.cpp.o[0m
[ 40%] [32mBuilding CXX object CMakeFiles/octomap_operations_interfaces__rosidl_typesupport_c.dir/rosidl_typesupport_c/octomap_operations_interfaces/srv/stop_octomap_update__type_support.cpp.o[0m
[ 42%] [32mBuilding CXX object CMakeFiles/octomap_operations_interfaces__rosidl_typesupport_cpp.dir/rosidl_typesupport_cpp/octomap_operations_interfaces/srv/octomap_data__type_support.cpp.o[0m
[ 43%] [32mBuilding CXX object CMakeFiles/octomap_operations_interfaces__rosidl_typesupport_cpp.dir/rosidl_typesupport_cpp/octomap_operations_interfaces/srv/focus_point__type_support.cpp.o[0m
[ 45%] [32mBuilding CXX object CMakeFiles/octomap_operations_interfaces__rosidl_typesupport_cpp.dir/rosidl_typesupport_cpp/octomap_operations_interfaces/srv/view_evaluate__type_support.cpp.o[0m
[ 46%] [32mBuilding CXX object CMakeFiles/octomap_operations_interfaces__rosidl_typesupport_cpp.dir/rosidl_typesupport_cpp/octomap_operations_interfaces/srv/stop_octomap_update__type_support.cpp.o[0m
[ 48%] [32m[1mLinking CXX shared library liboctomap_operations_interfaces__rosidl_typesupport_c.so[0m
[ 50%] [32mBuilding CXX object CMakeFiles/octomap_operations_interfaces__rosidl_typesupport_fastrtps_cpp.dir/rosidl_typesupport_fastrtps_cpp/octomap_operations_interfaces/srv/detail/dds_fastrtps/octomap_data__type_support.cpp.o[0m
[ 51%] [32mBuilding CXX object CMakeFiles/octomap_operations_interfaces__rosidl_typesupport_fastrtps_cpp.dir/rosidl_typesupport_fastrtps_cpp/octomap_operations_interfaces/srv/detail/dds_fastrtps/stop_octomap_update__type_support.cpp.o[0m
[ 51%] Built target octomap_operations_interfaces__rosidl_typesupport_c
[ 53%] [32mBuilding CXX object CMakeFiles/octomap_operations_interfaces__rosidl_typesupport_fastrtps_cpp.dir/rosidl_typesupport_fastrtps_cpp/octomap_operations_interfaces/srv/detail/dds_fastrtps/focus_point__type_support.cpp.o[0m
[ 54%] [32mBuilding CXX object CMakeFiles/octomap_operations_interfaces__rosidl_typesupport_fastrtps_cpp.dir/rosidl_typesupport_fastrtps_cpp/octomap_operations_interfaces/srv/detail/dds_fastrtps/view_evaluate__type_support.cpp.o[0m
[ 56%] [32mBuilding CXX object CMakeFiles/octomap_operations_interfaces__rosidl_typesupport_introspection_cpp.dir/rosidl_typesupport_introspection_cpp/octomap_operations_interfaces/srv/detail/focus_point__type_support.cpp.o[0m
[ 57%] [32mBuilding CXX object CMakeFiles/octomap_operations_interfaces__rosidl_typesupport_introspection_cpp.dir/rosidl_typesupport_introspection_cpp/octomap_operations_interfaces/srv/detail/octomap_data__type_support.cpp.o[0m
[ 59%] [32mBuilding C object CMakeFiles/octomap_operations_interfaces__rosidl_typesupport_introspection_c.dir/rosidl_typesupport_introspection_c/octomap_operations_interfaces/srv/detail/focus_point__type_support.c.o[0m
[ 60%] [32mBuilding CXX object CMakeFiles/octomap_operations_interfaces__rosidl_typesupport_fastrtps_c.dir/rosidl_typesupport_fastrtps_c/octomap_operations_interfaces/srv/detail/focus_point__type_support_c.cpp.o[0m
[ 62%] [32mBuilding C object CMakeFiles/octomap_operations_interfaces__rosidl_typesupport_introspection_c.dir/rosidl_typesupport_introspection_c/octomap_operations_interfaces/srv/detail/octomap_data__type_support.c.o[0m
[ 64%] [32mBuilding C object CMakeFiles/octomap_operations_interfaces__rosidl_typesupport_introspection_c.dir/rosidl_typesupport_introspection_c/octomap_operations_interfaces/srv/detail/stop_octomap_update__type_support.c.o[0m
[ 65%] [32mBuilding C object CMakeFiles/octomap_operations_interfaces__rosidl_typesupport_introspection_c.dir/rosidl_typesupport_introspection_c/octomap_operations_interfaces/srv/detail/view_evaluate__type_support.c.o[0m
[ 67%] [32m[1mLinking C shared library liboctomap_operations_interfaces__rosidl_typesupport_introspection_c.so[0m
[ 67%] Built target octomap_operations_interfaces__rosidl_typesupport_introspection_c
[ 68%] [32mBuilding CXX object CMakeFiles/octomap_operations_interfaces__rosidl_typesupport_fastrtps_c.dir/rosidl_typesupport_fastrtps_c/octomap_operations_interfaces/srv/detail/octomap_data__type_support_c.cpp.o[0m
[ 70%] [32mBuilding CXX object CMakeFiles/octomap_operations_interfaces__rosidl_typesupport_introspection_cpp.dir/rosidl_typesupport_introspection_cpp/octomap_operations_interfaces/srv/detail/stop_octomap_update__type_support.cpp.o[0m
[ 71%] [32mBuilding CXX object CMakeFiles/octomap_operations_interfaces__rosidl_typesupport_introspection_cpp.dir/rosidl_typesupport_introspection_cpp/octomap_operations_interfaces/srv/detail/view_evaluate__type_support.cpp.o[0m
[ 73%] [32mBuilding CXX object CMakeFiles/octomap_operations_interfaces__rosidl_typesupport_fastrtps_c.dir/rosidl_typesupport_fastrtps_c/octomap_operations_interfaces/srv/detail/stop_octomap_update__type_support_c.cpp.o[0m
[ 75%] [32m[1mLinking CXX shared library liboctomap_operations_interfaces__rosidl_typesupport_cpp.so[0m
[ 76%] [32mBuilding CXX object CMakeFiles/octomap_operations_interfaces__rosidl_typesupport_fastrtps_c.dir/rosidl_typesupport_fastrtps_c/octomap_operations_interfaces/srv/detail/view_evaluate__type_support_c.cpp.o[0m
[ 76%] Built target octomap_operations_interfaces__rosidl_typesupport_cpp
[ 78%] [32m[1mLinking CXX shared library liboctomap_operations_interfaces__rosidl_typesupport_fastrtps_cpp.so[0m
[ 78%] Built target octomap_operations_interfaces__rosidl_typesupport_fastrtps_cpp
[ 79%] [32m[1mLinking CXX shared library liboctomap_operations_interfaces__rosidl_typesupport_introspection_cpp.so[0m
[ 79%] Built target octomap_operations_interfaces__rosidl_typesupport_introspection_cpp
[ 81%] [32m[1mLinking CXX shared library liboctomap_operations_interfaces__rosidl_typesupport_fastrtps_c.so[0m
[ 81%] Built target octomap_operations_interfaces__rosidl_typesupport_fastrtps_c
[ 81%] Built target octomap_operations_interfaces
[ 82%] [34m[1mGenerating Python code for ROS interfaces[0m
[ 82%] Built target octomap_operations_interfaces__py
[ 84%] [32mBuilding C object CMakeFiles/octomap_operations_interfaces__rosidl_generator_py.dir/rosidl_generator_py/octomap_operations_interfaces/srv/_focus_point_s.c.o[0m
[ 87%] [32mBuilding C object CMakeFiles/octomap_operations_interfaces__rosidl_generator_py.dir/rosidl_generator_py/octomap_operations_interfaces/srv/_octomap_data_s.c.o[0m
[ 87%] [32mBuilding C object CMakeFiles/octomap_operations_interfaces__rosidl_generator_py.dir/rosidl_generator_py/octomap_operations_interfaces/srv/_stop_octomap_update_s.c.o[0m
[ 89%] [32mBuilding C object CMakeFiles/octomap_operations_interfaces__rosidl_generator_py.dir/rosidl_generator_py/octomap_operations_interfaces/srv/_view_evaluate_s.c.o[0m
[ 90%] [32m[1mLinking C shared library liboctomap_operations_interfaces__rosidl_generator_py.so[0m
[ 90%] Built target octomap_operations_interfaces__rosidl_generator_py
[ 92%] [32mBuilding C object CMakeFiles/octomap_operations_interfaces_s__rosidl_typesupport_fastrtps_c.dir/rosidl_generator_py/octomap_operations_interfaces/_octomap_operations_interfaces_s.ep.rosidl_typesupport_fastrtps_c.c.o[0m
[ 93%] [32mBuilding C object CMakeFiles/octomap_operations_interfaces_s__rosidl_typesupport_introspection_c.dir/rosidl_generator_py/octomap_operations_interfaces/_octomap_operations_interfaces_s.ep.rosidl_typesupport_introspection_c.c.o[0m
[ 95%] [32mBuilding C object CMakeFiles/octomap_operations_interfaces_s__rosidl_typesupport_c.dir/rosidl_generator_py/octomap_operations_interfaces/_octomap_operations_interfaces_s.ep.rosidl_typesupport_c.c.o[0m
[ 96%] [32m[1mLinking C shared module rosidl_generator_py/octomap_operations_interfaces/octomap_operations_interfaces_s__rosidl_typesupport_fastrtps_c.so[0m
[ 98%] [32m[1mLinking C shared module rosidl_generator_py/octomap_operations_interfaces/octomap_operations_interfaces_s__rosidl_typesupport_c.so[0m
[ 98%] Built target octomap_operations_interfaces_s__rosidl_typesupport_fastrtps_c
[ 98%] Built target octomap_operations_interfaces_s__rosidl_typesupport_c
[100%] [32m[1mLinking C shared module rosidl_generator_py/octomap_operations_interfaces/octomap_operations_interfaces_s__rosidl_typesupport_introspection_c.so[0m
[100%] Built target octomap_operations_interfaces_s__rosidl_typesupport_introspection_c
-- Install configuration: ""
-- Installing: /home/laptop13/ros2_nbv_ws/install/octomap_operations_interfaces/share/ament_index/resource_index/rosidl_interfaces/octomap_operations_interfaces
-- Installing: /home/laptop13/ros2_nbv_ws/install/octomap_operations_interfaces/share/octomap_operations_interfaces/srv/FocusPoint.json
-- Installing: /home/laptop13/ros2_nbv_ws/install/octomap_operations_interfaces/share/octomap_operations_interfaces/srv/OctomapData.json
-- Installing: /home/laptop13/ros2_nbv_ws/install/octomap_operations_interfaces/share/octomap_operations_interfaces/srv/StopOctomapUpdate.json
-- Installing: /home/laptop13/ros2_nbv_ws/install/octomap_operations_interfaces/share/octomap_operations_interfaces/srv/ViewEvaluate.json
-- Installing: /home/laptop13/ros2_nbv_ws/install/octomap_operations_interfaces/include/octomap_operations_interfaces/octomap_operations_interfaces
-- Installing: /home/laptop13/ros2_nbv_ws/install/octomap_operations_interfaces/include/octomap_operations_interfaces/octomap_operations_interfaces/msg
-- Installing: /home/laptop13/ros2_nbv_ws/install/octomap_operations_interfaces/include/octomap_operations_interfaces/octomap_operations_interfaces/msg/rosidl_generator_c__visibility_control.h
-- Installing: /home/laptop13/ros2_nbv_ws/install/octomap_operations_interfaces/include/octomap_operations_interfaces/octomap_operations_interfaces/srv
-- Installing: /home/laptop13/ros2_nbv_ws/install/octomap_operations_interfaces/include/octomap_operations_interfaces/octomap_operations_interfaces/srv/focus_point.h
-- Installing: /home/laptop13/ros2_nbv_ws/install/octomap_operations_interfaces/include/octomap_operations_interfaces/octomap_operations_interfaces/srv/stop_octomap_update.h
-- Installing: /home/laptop13/ros2_nbv_ws/install/octomap_operations_interfaces/include/octomap_operations_interfaces/octomap_operations_interfaces/srv/octomap_data.h
-- Installing: /home/laptop13/ros2_nbv_ws/install/octomap_operations_interfaces/include/octomap_operations_interfaces/octomap_operations_interfaces/srv/view_evaluate.h
-- Installing: /home/laptop13/ros2_nbv_ws/install/octomap_operations_interfaces/include/octomap_operations_interfaces/octomap_operations_interfaces/srv/detail
-- Installing: /home/laptop13/ros2_nbv_ws/install/octomap_operations_interfaces/include/octomap_operations_interfaces/octomap_operations_interfaces/srv/detail/octomap_data__functions.h
-- Installing: /home/laptop13/ros2_nbv_ws/install/octomap_operations_interfaces/include/octomap_operations_interfaces/octomap_operations_interfaces/srv/detail/view_evaluate__functions.h
-- Installing: /home/laptop13/ros2_nbv_ws/install/octomap_operations_interfaces/include/octomap_operations_interfaces/octomap_operations_interfaces/srv/detail/octomap_data__struct.h
-- Installing: /home/laptop13/ros2_nbv_ws/install/octomap_operations_interfaces/include/octomap_operations_interfaces/octomap_operations_interfaces/srv/detail/stop_octomap_update__functions.h
-- Installing: /home/laptop13/ros2_nbv_ws/install/octomap_operations_interfaces/include/octomap_operations_interfaces/octomap_operations_interfaces/srv/detail/stop_octomap_update__type_support.h
-- Installing: /home/laptop13/ros2_nbv_ws/install/octomap_operations_interfaces/include/octomap_operations_interfaces/octomap_operations_interfaces/srv/detail/stop_octomap_update__struct.h
-- Installing: /home/laptop13/ros2_nbv_ws/install/octomap_operations_interfaces/include/octomap_operations_interfaces/octomap_operations_interfaces/srv/detail/octomap_data__type_support.h
-- Installing: /home/laptop13/ros2_nbv_ws/install/octomap_operations_interfaces/include/octomap_operations_interfaces/octomap_operations_interfaces/srv/detail/stop_octomap_update__functions.c
-- Installing: /home/laptop13/ros2_nbv_ws/install/octomap_operations_interfaces/include/octomap_operations_interfaces/octomap_operations_interfaces/srv/detail/octomap_data__description.c
-- Installing: /home/laptop13/ros2_nbv_ws/install/octomap_operations_interfaces/include/octomap_operations_interfaces/octomap_operations_interfaces/srv/detail/octomap_data__functions.c
-- Installing: /home/laptop13/ros2_nbv_ws/install/octomap_operations_interfaces/include/octomap_operations_interfaces/octomap_operations_interfaces/srv/detail/view_evaluate__struct.h
-- Installing: /home/laptop13/ros2_nbv_ws/install/octomap_operations_interfaces/include/octomap_operations_interfaces/octomap_operations_interfaces/srv/detail/focus_point__type_support.c
-- Installing: /home/laptop13/ros2_nbv_ws/install/octomap_operations_interfaces/include/octomap_operations_interfaces/octomap_operations_interfaces/srv/detail/view_evaluate__type_support.h
-- Installing: /home/laptop13/ros2_nbv_ws/install/octomap_operations_interfaces/include/octomap_operations_interfaces/octomap_operations_interfaces/srv/detail/stop_octomap_update__description.c
-- Installing: /home/laptop13/ros2_nbv_ws/install/octomap_operations_interfaces/include/octomap_operations_interfaces/octomap_operations_interfaces/srv/detail/focus_point__description.c
-- Installing: /home/laptop13/ros2_nbv_ws/install/octomap_operations_interfaces/include/octomap_operations_interfaces/octomap_operations_interfaces/srv/detail/octomap_data__type_support.c
-- Installing: /home/laptop13/ros2_nbv_ws/install/octomap_operations_interfaces/include/octomap_operations_interfaces/octomap_operations_interfaces/srv/detail/view_evaluate__description.c
-- Installing: /home/laptop13/ros2_nbv_ws/install/octomap_operations_interfaces/include/octomap_operations_interfaces/octomap_operations_interfaces/srv/detail/stop_octomap_update__type_support.c
-- Installing: /home/laptop13/ros2_nbv_ws/install/octomap_operations_interfaces/include/octomap_operations_interfaces/octomap_operations_interfaces/srv/detail/view_evaluate__type_support.c
-- Installing: /home/laptop13/ros2_nbv_ws/install/octomap_operations_interfaces/include/octomap_operations_interfaces/octomap_operations_interfaces/srv/detail/focus_point__type_support.h
-- Installing: /home/laptop13/ros2_nbv_ws/install/octomap_operations_interfaces/include/octomap_operations_interfaces/octomap_operations_interfaces/srv/detail/view_evaluate__functions.c
-- Installing: /home/laptop13/ros2_nbv_ws/install/octomap_operations_interfaces/include/octomap_operations_interfaces/octomap_operations_interfaces/srv/detail/focus_point__functions.c
-- Installing: /home/laptop13/ros2_nbv_ws/install/octomap_operations_interfaces/include/octomap_operations_interfaces/octomap_operations_interfaces/srv/detail/focus_point__functions.h
-- Installing: /home/laptop13/ros2_nbv_ws/install/octomap_operations_interfaces/include/octomap_operations_interfaces/octomap_operations_interfaces/srv/detail/focus_point__struct.h
-- Installing: /home/laptop13/ros2_nbv_ws/install/octomap_operations_interfaces/share/octomap_operations_interfaces/environment/library_path.sh
-- Installing: /home/laptop13/ros2_nbv_ws/install/octomap_operations_interfaces/share/octomap_operations_interfaces/environment/library_path.dsv
-- Installing: /home/laptop13/ros2_nbv_ws/install/octomap_operations_interfaces/lib/liboctomap_operations_interfaces__rosidl_generator_c.so
-- Set non-toolchain portion of runtime path of "/home/laptop13/ros2_nbv_ws/install/octomap_operations_interfaces/lib/liboctomap_operations_interfaces__rosidl_generator_c.so" to ""
-- Up-to-date: /home/laptop13/ros2_nbv_ws/install/octomap_operations_interfaces/include/octomap_operations_interfaces/octomap_operations_interfaces
-- Up-to-date: /home/laptop13/ros2_nbv_ws/install/octomap_operations_interfaces/include/octomap_operations_interfaces/octomap_operations_interfaces/msg
-- Installing: /home/laptop13/ros2_nbv_ws/install/octomap_operations_interfaces/include/octomap_operations_interfaces/octomap_operations_interfaces/msg/rosidl_typesupport_fastrtps_c__visibility_control.h
-- Up-to-date: /home/laptop13/ros2_nbv_ws/install/octomap_operations_interfaces/include/octomap_operations_interfaces/octomap_operations_interfaces/srv
-- Up-to-date: /home/laptop13/ros2_nbv_ws/install/octomap_operations_interfaces/include/octomap_operations_interfaces/octomap_operations_interfaces/srv/detail
-- Installing: /home/laptop13/ros2_nbv_ws/install/octomap_operations_interfaces/include/octomap_operations_interfaces/octomap_operations_interfaces/srv/detail/focus_point__rosidl_typesupport_fastrtps_c.h
-- Installing: /home/laptop13/ros2_nbv_ws/install/octomap_operations_interfaces/include/octomap_operations_interfaces/octomap_operations_interfaces/srv/detail/octomap_data__rosidl_typesupport_fastrtps_c.h
-- Installing: /home/laptop13/ros2_nbv_ws/install/octomap_operations_interfaces/include/octomap_operations_interfaces/octomap_operations_interfaces/srv/detail/view_evaluate__rosidl_typesupport_fastrtps_c.h
-- Installing: /home/laptop13/ros2_nbv_ws/install/octomap_operations_interfaces/include/octomap_operations_interfaces/octomap_operations_interfaces/srv/detail/stop_octomap_update__rosidl_typesupport_fastrtps_c.h
-- Installing: /home/laptop13/ros2_nbv_ws/install/octomap_operations_interfaces/lib/liboctomap_operations_interfaces__rosidl_typesupport_fastrtps_c.so
-- Set non-toolchain portion of runtime path of "/home/laptop13/ros2_nbv_ws/install/octomap_operations_interfaces/lib/liboctomap_operations_interfaces__rosidl_typesupport_fastrtps_c.so" to ""
-- Up-to-date: /home/laptop13/ros2_nbv_ws/install/octomap_operations_interfaces/include/octomap_operations_interfaces/octomap_operations_interfaces
-- Up-to-date: /home/laptop13/ros2_nbv_ws/install/octomap_operations_interfaces/include/octomap_operations_interfaces/octomap_operations_interfaces/msg
-- Installing: /home/laptop13/ros2_nbv_ws/install/octomap_operations_interfaces/include/octomap_operations_interfaces/octomap_operations_interfaces/msg/rosidl_generator_cpp__visibility_control.hpp
-- Up-to-date: /home/laptop13/ros2_nbv_ws/install/octomap_operations_interfaces/include/octomap_operations_interfaces/octomap_operations_interfaces/srv
-- Installing: /home/laptop13/ros2_nbv_ws/install/octomap_operations_interfaces/include/octomap_operations_interfaces/octomap_operations_interfaces/srv/octomap_data.hpp
-- Installing: /home/laptop13/ros2_nbv_ws/install/octomap_operations_interfaces/include/octomap_operations_interfaces/octomap_operations_interfaces/srv/focus_point.hpp
-- Installing: /home/laptop13/ros2_nbv_ws/install/octomap_operations_interfaces/include/octomap_operations_interfaces/octomap_operations_interfaces/srv/view_evaluate.hpp
-- Installing: /home/laptop13/ros2_nbv_ws/install/octomap_operations_interfaces/include/octomap_operations_interfaces/octomap_operations_interfaces/srv/stop_octomap_update.hpp
-- Up-to-date: /home/laptop13/ros2_nbv_ws/install/octomap_operations_interfaces/include/octomap_operations_interfaces/octomap_operations_interfaces/srv/detail
-- Installing: /home/laptop13/ros2_nbv_ws/install/octomap_operations_interfaces/include/octomap_operations_interfaces/octomap_operations_interfaces/srv/detail/octomap_data__struct.hpp
-- Installing: /home/laptop13/ros2_nbv_ws/install/octomap_operations_interfaces/include/octomap_operations_interfaces/octomap_operations_interfaces/srv/detail/focus_point__traits.hpp
-- Installing: /home/laptop13/ros2_nbv_ws/install/octomap_operations_interfaces/include/octomap_operations_interfaces/octomap_operations_interfaces/srv/detail/stop_octomap_update__traits.hpp
-- Installing: /home/laptop13/ros2_nbv_ws/install/octomap_operations_interfaces/include/octomap_operations_interfaces/octomap_operations_interfaces/srv/detail/view_evaluate__type_support.hpp
-- Installing: /home/laptop13/ros2_nbv_ws/install/octomap_operations_interfaces/include/octomap_operations_interfaces/octomap_operations_interfaces/srv/detail/octomap_data__type_support.hpp
-- Installing: /home/laptop13/ros2_nbv_ws/install/octomap_operations_interfaces/include/octomap_operations_interfaces/octomap_operations_interfaces/srv/detail/octomap_data__traits.hpp
-- Installing: /home/laptop13/ros2_nbv_ws/install/octomap_operations_interfaces/include/octomap_operations_interfaces/octomap_operations_interfaces/srv/detail/view_evaluate__struct.hpp
-- Installing: /home/laptop13/ros2_nbv_ws/install/octomap_operations_interfaces/include/octomap_operations_interfaces/octomap_operations_interfaces/srv/detail/focus_point__struct.hpp
-- Installing: /home/laptop13/ros2_nbv_ws/install/octomap_operations_interfaces/include/octomap_operations_interfaces/octomap_operations_interfaces/srv/detail/stop_octomap_update__struct.hpp
-- Installing: /home/laptop13/ros2_nbv_ws/install/octomap_operations_interfaces/include/octomap_operations_interfaces/octomap_operations_interfaces/srv/detail/focus_point__type_support.hpp
-- Installing: /home/laptop13/ros2_nbv_ws/install/octomap_operations_interfaces/include/octomap_operations_interfaces/octomap_operations_interfaces/srv/detail/octomap_data__builder.hpp
-- Installing: /home/laptop13/ros2_nbv_ws/install/octomap_operations_interfaces/include/octomap_operations_interfaces/octomap_operations_interfaces/srv/detail/stop_octomap_update__builder.hpp
-- Installing: /home/laptop13/ros2_nbv_ws/install/octomap_operations_interfaces/include/octomap_operations_interfaces/octomap_operations_interfaces/srv/detail/view_evaluate__traits.hpp
-- Installing: /home/laptop13/ros2_nbv_ws/install/octomap_operations_interfaces/include/octomap_operations_interfaces/octomap_operations_interfaces/srv/detail/stop_octomap_update__type_support.hpp
-- Installing: /home/laptop13/ros2_nbv_ws/install/octomap_operations_interfaces/include/octomap_operations_interfaces/octomap_operations_interfaces/srv/detail/focus_point__builder.hpp
-- Installing: /home/laptop13/ros2_nbv_ws/install/octomap_operations_interfaces/include/octomap_operations_interfaces/octomap_operations_interfaces/srv/detail/view_evaluate__builder.hpp
-- Up-to-date: /home/laptop13/ros2_nbv_ws/install/octomap_operations_interfaces/include/octomap_operations_interfaces/octomap_operations_interfaces
-- Up-to-date: /home/laptop13/ros2_nbv_ws/install/octomap_operations_interfaces/include/octomap_operations_interfaces/octomap_operations_interfaces/msg
-- Installing: /home/laptop13/ros2_nbv_ws/install/octomap_operations_interfaces/include/octomap_operations_interfaces/octomap_operations_interfaces/msg/rosidl_typesupport_fastrtps_cpp__visibility_control.h
-- Up-to-date: /home/laptop13/ros2_nbv_ws/install/octomap_operations_interfaces/include/octomap_operations_interfaces/octomap_operations_interfaces/srv
-- Up-to-date: /home/laptop13/ros2_nbv_ws/install/octomap_operations_interfaces/include/octomap_operations_interfaces/octomap_operations_interfaces/srv/detail
-- Installing: /home/laptop13/ros2_nbv_ws/install/octomap_operations_interfaces/include/octomap_operations_interfaces/octomap_operations_interfaces/srv/detail/octomap_data__rosidl_typesupport_fastrtps_cpp.hpp
-- Installing: /home/laptop13/ros2_nbv_ws/install/octomap_operations_interfaces/include/octomap_operations_interfaces/octomap_operations_interfaces/srv/detail/view_evaluate__rosidl_typesupport_fastrtps_cpp.hpp
-- Installing: /home/laptop13/ros2_nbv_ws/install/octomap_operations_interfaces/include/octomap_operations_interfaces/octomap_operations_interfaces/srv/detail/dds_fastrtps
-- Installing: /home/laptop13/ros2_nbv_ws/install/octomap_operations_interfaces/include/octomap_operations_interfaces/octomap_operations_interfaces/srv/detail/stop_octomap_update__rosidl_typesupport_fastrtps_cpp.hpp
-- Installing: /home/laptop13/ros2_nbv_ws/install/octomap_operations_interfaces/include/octomap_operations_interfaces/octomap_operations_interfaces/srv/detail/focus_point__rosidl_typesupport_fastrtps_cpp.hpp
-- Installing: /home/laptop13/ros2_nbv_ws/install/octomap_operations_interfaces/lib/liboctomap_operations_interfaces__rosidl_typesupport_fastrtps_cpp.so
-- Set non-toolchain portion of runtime path of "/home/laptop13/ros2_nbv_ws/install/octomap_operations_interfaces/lib/liboctomap_operations_interfaces__rosidl_typesupport_fastrtps_cpp.so" to ""
-- Up-to-date: /home/laptop13/ros2_nbv_ws/install/octomap_operations_interfaces/include/octomap_operations_interfaces/octomap_operations_interfaces
-- Up-to-date: /home/laptop13/ros2_nbv_ws/install/octomap_operations_interfaces/include/octomap_operations_interfaces/octomap_operations_interfaces/msg
-- Installing: /home/laptop13/ros2_nbv_ws/install/octomap_operations_interfaces/include/octomap_operations_interfaces/octomap_operations_interfaces/msg/rosidl_typesupport_introspection_c__visibility_control.h
-- Up-to-date: /home/laptop13/ros2_nbv_ws/install/octomap_operations_interfaces/include/octomap_operations_interfaces/octomap_operations_interfaces/srv
-- Up-to-date: /home/laptop13/ros2_nbv_ws/install/octomap_operations_interfaces/include/octomap_operations_interfaces/octomap_operations_interfaces/srv/detail
-- Installing: /home/laptop13/ros2_nbv_ws/install/octomap_operations_interfaces/include/octomap_operations_interfaces/octomap_operations_interfaces/srv/detail/view_evaluate__rosidl_typesupport_introspection_c.h
-- Installing: /home/laptop13/ros2_nbv_ws/install/octomap_operations_interfaces/include/octomap_operations_interfaces/octomap_operations_interfaces/srv/detail/stop_octomap_update__rosidl_typesupport_introspection_c.h
-- Installing: /home/laptop13/ros2_nbv_ws/install/octomap_operations_interfaces/include/octomap_operations_interfaces/octomap_operations_interfaces/srv/detail/octomap_data__rosidl_typesupport_introspection_c.h
-- Installing: /home/laptop13/ros2_nbv_ws/install/octomap_operations_interfaces/include/octomap_operations_interfaces/octomap_operations_interfaces/srv/detail/focus_point__rosidl_typesupport_introspection_c.h
-- Installing: /home/laptop13/ros2_nbv_ws/install/octomap_operations_interfaces/include/octomap_operations_interfaces/octomap_operations_interfaces/srv/detail/focus_point__type_support.c
-- Installing: /home/laptop13/ros2_nbv_ws/install/octomap_operations_interfaces/include/octomap_operations_interfaces/octomap_operations_interfaces/srv/detail/octomap_data__type_support.c
-- Installing: /home/laptop13/ros2_nbv_ws/install/octomap_operations_interfaces/include/octomap_operations_interfaces/octomap_operations_interfaces/srv/detail/stop_octomap_update__type_support.c
-- Installing: /home/laptop13/ros2_nbv_ws/install/octomap_operations_interfaces/include/octomap_operations_interfaces/octomap_operations_interfaces/srv/detail/view_evaluate__type_support.c
-- Installing: /home/laptop13/ros2_nbv_ws/install/octomap_operations_interfaces/lib/liboctomap_operations_interfaces__rosidl_typesupport_introspection_c.so
-- Set non-toolchain portion of runtime path of "/home/laptop13/ros2_nbv_ws/install/octomap_operations_interfaces/lib/liboctomap_operations_interfaces__rosidl_typesupport_introspection_c.so" to ""
-- Installing: /home/laptop13/ros2_nbv_ws/install/octomap_operations_interfaces/lib/liboctomap_operations_interfaces__rosidl_typesupport_c.so
-- Set non-toolchain portion of runtime path of "/home/laptop13/ros2_nbv_ws/install/octomap_operations_interfaces/lib/liboctomap_operations_interfaces__rosidl_typesupport_c.so" to ""
-- Up-to-date: /home/laptop13/ros2_nbv_ws/install/octomap_operations_interfaces/include/octomap_operations_interfaces/octomap_operations_interfaces
-- Up-to-date: /home/laptop13/ros2_nbv_ws/install/octomap_operations_interfaces/include/octomap_operations_interfaces/octomap_operations_interfaces/srv
-- Up-to-date: /home/laptop13/ros2_nbv_ws/install/octomap_operations_interfaces/include/octomap_operations_interfaces/octomap_operations_interfaces/srv/detail
-- Installing: /home/laptop13/ros2_nbv_ws/install/octomap_operations_interfaces/include/octomap_operations_interfaces/octomap_operations_interfaces/srv/detail/octomap_data__type_support.cpp
-- Installing: /home/laptop13/ros2_nbv_ws/install/octomap_operations_interfaces/include/octomap_operations_interfaces/octomap_operations_interfaces/srv/detail/focus_point__type_support.cpp
-- Installing: /home/laptop13/ros2_nbv_ws/install/octomap_operations_interfaces/include/octomap_operations_interfaces/octomap_operations_interfaces/srv/detail/view_evaluate__type_support.cpp
-- Installing: /home/laptop13/ros2_nbv_ws/install/octomap_operations_interfaces/include/octomap_operations_interfaces/octomap_operations_interfaces/srv/detail/view_evaluate__rosidl_typesupport_introspection_cpp.hpp
-- Installing: /home/laptop13/ros2_nbv_ws/install/octomap_operations_interfaces/include/octomap_operations_interfaces/octomap_operations_interfaces/srv/detail/stop_octomap_update__type_support.cpp
-- Installing: /home/laptop13/ros2_nbv_ws/install/octomap_operations_interfaces/include/octomap_operations_interfaces/octomap_operations_interfaces/srv/detail/stop_octomap_update__rosidl_typesupport_introspection_cpp.hpp
-- Installing: /home/laptop13/ros2_nbv_ws/install/octomap_operations_interfaces/include/octomap_operations_interfaces/octomap_operations_interfaces/srv/detail/focus_point__rosidl_typesupport_introspection_cpp.hpp
-- Installing: /home/laptop13/ros2_nbv_ws/install/octomap_operations_interfaces/include/octomap_operations_interfaces/octomap_operations_interfaces/srv/detail/octomap_data__rosidl_typesupport_introspection_cpp.hpp
-- Installing: /home/laptop13/ros2_nbv_ws/install/octomap_operations_interfaces/lib/liboctomap_operations_interfaces__rosidl_typesupport_introspection_cpp.so
-- Set non-toolchain portion of runtime path of "/home/laptop13/ros2_nbv_ws/install/octomap_operations_interfaces/lib/liboctomap_operations_interfaces__rosidl_typesupport_introspection_cpp.so" to ""
-- Installing: /home/laptop13/ros2_nbv_ws/install/octomap_operations_interfaces/lib/liboctomap_operations_interfaces__rosidl_typesupport_cpp.so
-- Set non-toolchain portion of runtime path of "/home/laptop13/ros2_nbv_ws/install/octomap_operations_interfaces/lib/liboctomap_operations_interfaces__rosidl_typesupport_cpp.so" to ""
-- Installing: /home/laptop13/ros2_nbv_ws/install/octomap_operations_interfaces/share/octomap_operations_interfaces/environment/pythonpath.sh
-- Installing: /home/laptop13/ros2_nbv_ws/install/octomap_operations_interfaces/share/octomap_operations_interfaces/environment/pythonpath.dsv
-- Installing: /home/laptop13/ros2_nbv_ws/install/octomap_operations_interfaces/lib/python3.12/site-packages/octomap_operations_interfaces-0.0.0-py3.12.egg-info
-- Installing: /home/laptop13/ros2_nbv_ws/install/octomap_operations_interfaces/lib/python3.12/site-packages/octomap_operations_interfaces-0.0.0-py3.12.egg-info/dependency_links.txt
-- Installing: /home/laptop13/ros2_nbv_ws/install/octomap_operations_interfaces/lib/python3.12/site-packages/octomap_operations_interfaces-0.0.0-py3.12.egg-info/SOURCES.txt
-- Installing: /home/laptop13/ros2_nbv_ws/install/octomap_operations_interfaces/lib/python3.12/site-packages/octomap_operations_interfaces-0.0.0-py3.12.egg-info/top_level.txt
-- Installing: /home/laptop13/ros2_nbv_ws/install/octomap_operations_interfaces/lib/python3.12/site-packages/octomap_operations_interfaces-0.0.0-py3.12.egg-info/PKG-INFO
-- Installing: /home/laptop13/ros2_nbv_ws/install/octomap_operations_interfaces/lib/python3.12/site-packages/octomap_operations_interfaces
-- Installing: /home/laptop13/ros2_nbv_ws/install/octomap_operations_interfaces/lib/python3.12/site-packages/octomap_operations_interfaces/octomap_operations_interfaces_s__rosidl_typesupport_introspection_c.so
-- Installing: /home/laptop13/ros2_nbv_ws/install/octomap_operations_interfaces/lib/python3.12/site-packages/octomap_operations_interfaces/_octomap_operations_interfaces_s.ep.rosidl_typesupport_c.c
-- Installing: /home/laptop13/ros2_nbv_ws/install/octomap_operations_interfaces/lib/python3.12/site-packages/octomap_operations_interfaces/_octomap_operations_interfaces_s.ep.rosidl_typesupport_introspection_c.c
-- Installing: /home/laptop13/ros2_nbv_ws/install/octomap_operations_interfaces/lib/python3.12/site-packages/octomap_operations_interfaces/octomap_operations_interfaces_s__rosidl_typesupport_fastrtps_c.so
-- Installing: /home/laptop13/ros2_nbv_ws/install/octomap_operations_interfaces/lib/python3.12/site-packages/octomap_operations_interfaces/__init__.py
-- Installing: /home/laptop13/ros2_nbv_ws/install/octomap_operations_interfaces/lib/python3.12/site-packages/octomap_operations_interfaces/srv
-- Installing: /home/laptop13/ros2_nbv_ws/install/octomap_operations_interfaces/lib/python3.12/site-packages/octomap_operations_interfaces/srv/_stop_octomap_update_s.c
-- Installing: /home/laptop13/ros2_nbv_ws/install/octomap_operations_interfaces/lib/python3.12/site-packages/octomap_operations_interfaces/srv/_stop_octomap_update.py
-- Installing: /home/laptop13/ros2_nbv_ws/install/octomap_operations_interfaces/lib/python3.12/site-packages/octomap_operations_interfaces/srv/_view_evaluate.py
-- Installing: /home/laptop13/ros2_nbv_ws/install/octomap_operations_interfaces/lib/python3.12/site-packages/octomap_operations_interfaces/srv/_focus_point.py
-- Installing: /home/laptop13/ros2_nbv_ws/install/octomap_operations_interfaces/lib/python3.12/site-packages/octomap_operations_interfaces/srv/__init__.py
-- Installing: /home/laptop13/ros2_nbv_ws/install/octomap_operations_interfaces/lib/python3.12/site-packages/octomap_operations_interfaces/srv/_focus_point_s.c
-- Installing: /home/laptop13/ros2_nbv_ws/install/octomap_operations_interfaces/lib/python3.12/site-packages/octomap_operations_interfaces/srv/_octomap_data.py
-- Installing: /home/laptop13/ros2_nbv_ws/install/octomap_operations_interfaces/lib/python3.12/site-packages/octomap_operations_interfaces/srv/_octomap_data_s.c
-- Installing: /home/laptop13/ros2_nbv_ws/install/octomap_operations_interfaces/lib/python3.12/site-packages/octomap_operations_interfaces/srv/_view_evaluate_s.c
-- Installing: /home/laptop13/ros2_nbv_ws/install/octomap_operations_interfaces/lib/python3.12/site-packages/octomap_operations_interfaces/octomap_operations_interfaces_s__rosidl_typesupport_c.so
-- Installing: /home/laptop13/ros2_nbv_ws/install/octomap_operations_interfaces/lib/python3.12/site-packages/octomap_operations_interfaces/_octomap_operations_interfaces_s.ep.rosidl_typesupport_fastrtps_c.c
Listing '/home/laptop13/ros2_nbv_ws/install/octomap_operations_interfaces/lib/python3.12/site-packages/octomap_operations_interfaces'...
Compiling '/home/laptop13/ros2_nbv_ws/install/octomap_operations_interfaces/lib/python3.12/site-packages/octomap_operations_interfaces/__init__.py'...
Listing '/home/laptop13/ros2_nbv_ws/install/octomap_operations_interfaces/lib/python3.12/site-packages/octomap_operations_interfaces/srv'...
Compiling '/home/laptop13/ros2_nbv_ws/install/octomap_operations_interfaces/lib/python3.12/site-packages/octomap_operations_interfaces/srv/__init__.py'...
Compiling '/home/laptop13/ros2_nbv_ws/install/octomap_operations_interfaces/lib/python3.12/site-packages/octomap_operations_interfaces/srv/_focus_point.py'...
Compiling '/home/laptop13/ros2_nbv_ws/install/octomap_operations_interfaces/lib/python3.12/site-packages/octomap_operations_interfaces/srv/_octomap_data.py'...
Compiling '/home/laptop13/ros2_nbv_ws/install/octomap_operations_interfaces/lib/python3.12/site-packages/octomap_operations_interfaces/srv/_stop_octomap_update.py'...
Compiling '/home/laptop13/ros2_nbv_ws/install/octomap_operations_interfaces/lib/python3.12/site-packages/octomap_operations_interfaces/srv/_view_evaluate.py'...
-- Installing: /home/laptop13/ros2_nbv_ws/install/octomap_operations_interfaces/lib/python3.12/site-packages/octomap_operations_interfaces/octomap_operations_interfaces_s__rosidl_typesupport_fastrtps_c.so
-- Set non-toolchain portion of runtime path of "/home/laptop13/ros2_nbv_ws/install/octomap_operations_interfaces/lib/python3.12/site-packages/octomap_operations_interfaces/octomap_operations_interfaces_s__rosidl_typesupport_fastrtps_c.so" to ""
-- Installing: /home/laptop13/ros2_nbv_ws/install/octomap_operations_interfaces/lib/python3.12/site-packages/octomap_operations_interfaces/octomap_operations_interfaces_s__rosidl_typesupport_introspection_c.so
-- Set non-toolchain portion of runtime path of "/home/laptop13/ros2_nbv_ws/install/octomap_operations_interfaces/lib/python3.12/site-packages/octomap_operations_interfaces/octomap_operations_interfaces_s__rosidl_typesupport_introspection_c.so" to ""
-- Installing: /home/laptop13/ros2_nbv_ws/install/octomap_operations_interfaces/lib/python3.12/site-packages/octomap_operations_interfaces/octomap_operations_interfaces_s__rosidl_typesupport_c.so
-- Set non-toolchain portion of runtime path of "/home/laptop13/ros2_nbv_ws/install/octomap_operations_interfaces/lib/python3.12/site-packages/octomap_operations_interfaces/octomap_operations_interfaces_s__rosidl_typesupport_c.so" to ""
-- Installing: /home/laptop13/ros2_nbv_ws/install/octomap_operations_interfaces/lib/liboctomap_operations_interfaces__rosidl_generator_py.so
-- Set non-toolchain portion of runtime path of "/home/laptop13/ros2_nbv_ws/install/octomap_operations_interfaces/lib/liboctomap_operations_interfaces__rosidl_generator_py.so" to ""
-- Installing: /home/laptop13/ros2_nbv_ws/install/octomap_operations_interfaces/share/octomap_operations_interfaces/srv/FocusPoint.idl
-- Installing: /home/laptop13/ros2_nbv_ws/install/octomap_operations_interfaces/share/octomap_operations_interfaces/srv/OctomapData.idl
-- Installing: /home/laptop13/ros2_nbv_ws/install/octomap_operations_interfaces/share/octomap_operations_interfaces/srv/StopOctomapUpdate.idl
-- Installing: /home/laptop13/ros2_nbv_ws/install/octomap_operations_interfaces/share/octomap_operations_interfaces/srv/ViewEvaluate.idl
-- Installing: /home/laptop13/ros2_nbv_ws/install/octomap_operations_interfaces/share/octomap_operations_interfaces/srv/FocusPoint.srv
-- Installing: /home/laptop13/ros2_nbv_ws/install/octomap_operations_interfaces/share/octomap_operations_interfaces/srv/OctomapData.srv
-- Installing: /home/laptop13/ros2_nbv_ws/install/octomap_operations_interfaces/share/octomap_operations_interfaces/srv/StopOctomapUpdate.srv
-- Installing: /home/laptop13/ros2_nbv_ws/install/octomap_operations_interfaces/share/octomap_operations_interfaces/srv/ViewEvaluate.srv
-- Installing: /home/laptop13/ros2_nbv_ws/install/octomap_operations_interfaces/share/ament_index/resource_index/package_run_dependencies/octomap_operations_interfaces
-- Installing: /home/laptop13/ros2_nbv_ws/install/octomap_operations_interfaces/share/ament_index/resource_index/parent_prefix_path/octomap_operations_interfaces
-- Installing: /home/laptop13/ros2_nbv_ws/install/octomap_operations_interfaces/share/octomap_operations_interfaces/environment/ament_prefix_path.sh
-- Installing: /home/laptop13/ros2_nbv_ws/install/octomap_operations_interfaces/share/octomap_operations_interfaces/environment/ament_prefix_path.dsv
-- Installing: /home/laptop13/ros2_nbv_ws/install/octomap_operations_interfaces/share/octomap_operations_interfaces/environment/path.sh
-- Installing: /home/laptop13/ros2_nbv_ws/install/octomap_operations_interfaces/share/octomap_operations_interfaces/environment/path.dsv
-- Installing: /home/laptop13/ros2_nbv_ws/install/octomap_operations_interfaces/share/octomap_operations_interfaces/local_setup.bash
-- Installing: /home/laptop13/ros2_nbv_ws/install/octomap_operations_interfaces/share/octomap_operations_interfaces/local_setup.sh
-- Installing: /home/laptop13/ros2_nbv_ws/install/octomap_operations_interfaces/share/octomap_operations_interfaces/local_setup.zsh
-- Installing: /home/laptop13/ros2_nbv_ws/install/octomap_operations_interfaces/share/octomap_operations_interfaces/local_setup.dsv
-- Installing: /home/laptop13/ros2_nbv_ws/install/octomap_operations_interfaces/share/octomap_operations_interfaces/package.dsv
-- Installing: /home/laptop13/ros2_nbv_ws/install/octomap_operations_interfaces/share/ament_index/resource_index/packages/octomap_operations_interfaces
-- Installing: /home/laptop13/ros2_nbv_ws/install/octomap_operations_interfaces/share/octomap_operations_interfaces/cmake/export_octomap_operations_interfaces__rosidl_generator_cExport.cmake
-- Installing: /home/laptop13/ros2_nbv_ws/install/octomap_operations_interfaces/share/octomap_operations_interfaces/cmake/export_octomap_operations_interfaces__rosidl_generator_cExport-noconfig.cmake
-- Installing: /home/laptop13/ros2_nbv_ws/install/octomap_operations_interfaces/share/octomap_operations_interfaces/cmake/export_octomap_operations_interfaces__rosidl_typesupport_fastrtps_cExport.cmake
-- Installing: /home/laptop13/ros2_nbv_ws/install/octomap_operations_interfaces/share/octomap_operations_interfaces/cmake/export_octomap_operations_interfaces__rosidl_typesupport_fastrtps_cExport-noconfig.cmake
-- Installing: /home/laptop13/ros2_nbv_ws/install/octomap_operations_interfaces/share/octomap_operations_interfaces/cmake/export_octomap_operations_interfaces__rosidl_generator_cppExport.cmake
-- Installing: /home/laptop13/ros2_nbv_ws/install/octomap_operations_interfaces/share/octomap_operations_interfaces/cmake/export_octomap_operations_interfaces__rosidl_typesupport_fastrtps_cppExport.cmake
-- Installing: /home/laptop13/ros2_nbv_ws/install/octomap_operations_interfaces/share/octomap_operations_interfaces/cmake/export_octomap_operations_interfaces__rosidl_typesupport_fastrtps_cppExport-noconfig.cmake
-- Installing: /home/laptop13/ros2_nbv_ws/install/octomap_operations_interfaces/share/octomap_operations_interfaces/cmake/octomap_operations_interfaces__rosidl_typesupport_introspection_cExport.cmake
-- Installing: /home/laptop13/ros2_nbv_ws/install/octomap_operations_interfaces/share/octomap_operations_interfaces/cmake/octomap_operations_interfaces__rosidl_typesupport_introspection_cExport-noconfig.cmake
-- Installing: /home/laptop13/ros2_nbv_ws/install/octomap_operations_interfaces/share/octomap_operations_interfaces/cmake/octomap_operations_interfaces__rosidl_typesupport_cExport.cmake
-- Installing: /home/laptop13/ros2_nbv_ws/install/octomap_operations_interfaces/share/octomap_operations_interfaces/cmake/octomap_operations_interfaces__rosidl_typesupport_cExport-noconfig.cmake
-- Installing: /home/laptop13/ros2_nbv_ws/install/octomap_operations_interfaces/share/octomap_operations_interfaces/cmake/octomap_operations_interfaces__rosidl_typesupport_introspection_cppExport.cmake
-- Installing: /home/laptop13/ros2_nbv_ws/install/octomap_operations_interfaces/share/octomap_operations_interfaces/cmake/octomap_operations_interfaces__rosidl_typesupport_introspection_cppExport-noconfig.cmake
-- Installing: /home/laptop13/ros2_nbv_ws/install/octomap_operations_interfaces/share/octomap_operations_interfaces/cmake/octomap_operations_interfaces__rosidl_typesupport_cppExport.cmake
-- Installing: /home/laptop13/ros2_nbv_ws/install/octomap_operations_interfaces/share/octomap_operations_interfaces/cmake/octomap_operations_interfaces__rosidl_typesupport_cppExport-noconfig.cmake
-- Installing: /home/laptop13/ros2_nbv_ws/install/octomap_operations_interfaces/share/octomap_operations_interfaces/cmake/export_octomap_operations_interfaces__rosidl_generator_pyExport.cmake
-- Installing: /home/laptop13/ros2_nbv_ws/install/octomap_operations_interfaces/share/octomap_operations_interfaces/cmake/export_octomap_operations_interfaces__rosidl_generator_pyExport-noconfig.cmake
-- Installing: /home/laptop13/ros2_nbv_ws/install/octomap_operations_interfaces/share/octomap_operations_interfaces/cmake/rosidl_cmake-extras.cmake
-- Installing: /home/laptop13/ros2_nbv_ws/install/octomap_operations_interfaces/share/octomap_operations_interfaces/cmake/ament_cmake_export_dependencies-extras.cmake
-- Installing: /home/laptop13/ros2_nbv_ws/install/octomap_operations_interfaces/share/octomap_operations_interfaces/cmake/ament_cmake_export_include_directories-extras.cmake
-- Installing: /home/laptop13/ros2_nbv_ws/install/octomap_operations_interfaces/share/octomap_operations_interfaces/cmake/ament_cmake_export_libraries-extras.cmake
-- Installing: /home/laptop13/ros2_nbv_ws/install/octomap_operations_interfaces/share/octomap_operations_interfaces/cmake/ament_cmake_export_targets-extras.cmake
-- Installing: /home/laptop13/ros2_nbv_ws/install/octomap_operations_interfaces/share/octomap_operations_interfaces/cmake/rosidl_cmake_export_typesupport_targets-extras.cmake
-- Installing: /home/laptop13/ros2_nbv_ws/install/octomap_operations_interfaces/share/octomap_operations_interfaces/cmake/rosidl_cmake_export_typesupport_libraries-extras.cmake
-- Installing: /home/laptop13/ros2_nbv_ws/install/octomap_operations_interfaces/share/octomap_operations_interfaces/cmake/octomap_operations_interfacesConfig.cmake
-- Installing: /home/laptop13/ros2_nbv_ws/install/octomap_operations_interfaces/share/octomap_operations_interfaces/cmake/octomap_operations_interfacesConfig-version.cmake
-- Installing: /home/laptop13/ros2_nbv_ws/install/octomap_operations_interfaces/share/octomap_operations_interfaces/package.xml
