[0.018s] Invoking command in '/home/laptop13/ros2_nbv_ws/build/octomap_operations_interfaces': CMAKE_PREFIX_PATH=${CMAKE_PREFIX_PATH}:/opt/ros/jazzy DEBUGINFOD_URLS=https://debuginfod.ubuntu.com /usr/bin/cmake /home/laptop13/ros2_nbv_ws/src/octomap_operations_interfaces -DCMAKE_INSTALL_PREFIX=/home/laptop13/ros2_nbv_ws/install/octomap_operations_interfaces
[0.187s] -- The C compiler identification is GNU 13.3.0
[0.341s] -- The CXX compiler identification is GNU 13.3.0
[0.376s] -- Detecting C compiler ABI info
[0.546s] -- Detecting C compiler ABI info - done
[0.563s] -- Check for working C compiler: /usr/bin/cc - skipped
[0.564s] -- Detecting C compile features
[0.565s] -- Detecting C compile features - done
[0.580s] -- Detecting CXX compiler ABI info
[0.749s] -- Detecting CXX compiler ABI info - done
[0.772s] -- Check for working CXX compiler: /usr/bin/c++ - skipped
[0.773s] -- Detecting CXX compile features
[0.774s] -- Detecting CXX compile features - done
[0.811s] -- Found ament_cmake: 2.5.4 (/opt/ros/jazzy/share/ament_cmake/cmake)
[1.045s] -- Found Python3: /usr/bin/python3 (found version "3.12.3") found components: Interpreter 
[1.300s] -- Found geometry_msgs: 5.3.6 (/opt/ros/jazzy/share/geometry_msgs/cmake)
[1.451s] -- Found rosidl_generator_c: 4.6.6 (/opt/ros/jazzy/share/rosidl_generator_c/cmake)
[1.477s] -- Found rosidl_generator_cpp: 4.6.6 (/opt/ros/jazzy/share/rosidl_generator_cpp/cmake)
[1.516s] -- Using all available rosidl_typesupport_c: rosidl_typesupport_fastrtps_c;rosidl_typesupport_introspection_c
[1.559s] -- Using all available rosidl_typesupport_cpp: rosidl_typesupport_fastrtps_cpp;rosidl_typesupport_introspection_cpp
[1.643s] -- Found rosidl_default_generators: 1.6.0 (/opt/ros/jazzy/share/rosidl_default_generators/cmake)
[1.673s] -- Found rosidl_adapter: 4.6.6 (/opt/ros/jazzy/share/rosidl_adapter/cmake)
[2.729s] -- Found ament_cmake_ros: 0.12.0 (/opt/ros/jazzy/share/ament_cmake_ros/cmake)
[4.102s] -- Using all available rosidl_typesupport_c: rosidl_typesupport_fastrtps_c;rosidl_typesupport_introspection_c
[4.648s] -- Using all available rosidl_typesupport_cpp: rosidl_typesupport_fastrtps_cpp;rosidl_typesupport_introspection_cpp
[4.658s] -- Found python_cmake_module: 0.11.1 (/opt/ros/jazzy/share/python_cmake_module/cmake)
[4.878s] -- Found PythonExtra: /usr/bin/python3  
[5.507s] -- Found Python3: /usr/bin/python3 (found version "3.12.3") found components: Interpreter Development NumPy Development.Module Development.Embed 
[5.607s] -- Found ament_lint_auto: 0.17.3 (/opt/ros/jazzy/share/ament_lint_auto/cmake)
[5.675s] -- Added test 'lint_cmake' to check CMake code style
[5.678s] -- Added test 'xmllint' to check XML markup files
[5.687s] -- Configuring done (5.7s)
[5.737s] -- Generating done (0.0s)
[5.758s] -- Build files have been written to: /home/laptop13/ros2_nbv_ws/build/octomap_operations_interfaces
[5.772s] Invoked command in '/home/laptop13/ros2_nbv_ws/build/octomap_operations_interfaces' returned '0': CMAKE_PREFIX_PATH=${CMAKE_PREFIX_PATH}:/opt/ros/jazzy DEBUGINFOD_URLS=https://debuginfod.ubuntu.com /usr/bin/cmake /home/laptop13/ros2_nbv_ws/src/octomap_operations_interfaces -DCMAKE_INSTALL_PREFIX=/home/laptop13/ros2_nbv_ws/install/octomap_operations_interfaces
[5.773s] Invoking command in '/home/laptop13/ros2_nbv_ws/build/octomap_operations_interfaces': CMAKE_PREFIX_PATH=${CMAKE_PREFIX_PATH}:/opt/ros/jazzy DEBUGINFOD_URLS=https://debuginfod.ubuntu.com /usr/bin/cmake --build /home/laptop13/ros2_nbv_ws/build/octomap_operations_interfaces -- -j12 -l12
[5.850s] [  1%] [34m[1mGenerating type hashes for ROS interfaces[0m
[5.869s] [  1%] Built target ament_cmake_python_copy_octomap_operations_interfaces
[6.256s] [  1%] Built target octomap_operations_interfaces__rosidl_generator_type_description
[6.265s] running egg_info
[6.267s] creating octomap_operations_interfaces.egg-info
[6.280s] [  3%] [34m[1mGenerating C code for ROS interfaces[0m
[6.300s] writing octomap_operations_interfaces.egg-info/PKG-INFO
[6.301s] writing dependency_links to octomap_operations_interfaces.egg-info/dependency_links.txt
[6.301s] writing top-level names to octomap_operations_interfaces.egg-info/top_level.txt
[6.301s] writing manifest file 'octomap_operations_interfaces.egg-info/SOURCES.txt'
[6.309s] [  4%] [34m[1mGenerating C++ code for ROS interfaces[0m
[6.376s] reading manifest file 'octomap_operations_interfaces.egg-info/SOURCES.txt'
[6.377s] writing manifest file 'octomap_operations_interfaces.egg-info/SOURCES.txt'
[6.432s] [  4%] Built target ament_cmake_python_build_octomap_operations_interfaces_egg
[7.271s] [  4%] Built target octomap_operations_interfaces__cpp
[7.272s] [  6%] [32mBuilding C object CMakeFiles/octomap_operations_interfaces__rosidl_generator_c.dir/rosidl_generator_c/octomap_operations_interfaces/srv/detail/focus_point__description.c.o[0m
[7.272s] [  7%] [32mBuilding C object CMakeFiles/octomap_operations_interfaces__rosidl_generator_c.dir/rosidl_generator_c/octomap_operations_interfaces/srv/detail/stop_octomap_update__description.c.o[0m
[7.274s] [  9%] [32mBuilding C object CMakeFiles/octomap_operations_interfaces__rosidl_generator_c.dir/rosidl_generator_c/octomap_operations_interfaces/srv/detail/stop_octomap_update__functions.c.o[0m
[7.276s] [ 10%] [32mBuilding C object CMakeFiles/octomap_operations_interfaces__rosidl_generator_c.dir/rosidl_generator_c/octomap_operations_interfaces/srv/detail/focus_point__type_support.c.o[0m
[7.276s] [ 14%] [32mBuilding C object CMakeFiles/octomap_operations_interfaces__rosidl_generator_c.dir/rosidl_generator_c/octomap_operations_interfaces/srv/detail/octomap_data__functions.c.o[0m
[7.278s] [ 14%] [32mBuilding C object CMakeFiles/octomap_operations_interfaces__rosidl_generator_c.dir/rosidl_generator_c/octomap_operations_interfaces/srv/detail/octomap_data__description.c.o[0m
[7.281s] [ 15%] [32mBuilding C object CMakeFiles/octomap_operations_interfaces__rosidl_generator_c.dir/rosidl_generator_c/octomap_operations_interfaces/srv/detail/stop_octomap_update__type_support.c.o[0m
[7.284s] [ 17%] [32mBuilding C object CMakeFiles/octomap_operations_interfaces__rosidl_generator_c.dir/rosidl_generator_c/octomap_operations_interfaces/srv/detail/view_evaluate__description.c.o[0m
[7.284s] [ 18%] [32mBuilding C object CMakeFiles/octomap_operations_interfaces__rosidl_generator_c.dir/rosidl_generator_c/octomap_operations_interfaces/srv/detail/focus_point__functions.c.o[0m
[7.287s] [ 20%] [32mBuilding C object CMakeFiles/octomap_operations_interfaces__rosidl_generator_c.dir/rosidl_generator_c/octomap_operations_interfaces/srv/detail/view_evaluate__functions.c.o[0m
[7.290s] [ 21%] [32mBuilding C object CMakeFiles/octomap_operations_interfaces__rosidl_generator_c.dir/rosidl_generator_c/octomap_operations_interfaces/srv/detail/octomap_data__type_support.c.o[0m
[7.302s] [ 23%] [32mBuilding C object CMakeFiles/octomap_operations_interfaces__rosidl_generator_c.dir/rosidl_generator_c/octomap_operations_interfaces/srv/detail/view_evaluate__type_support.c.o[0m
[7.517s] [ 25%] [32m[1mLinking C shared library liboctomap_operations_interfaces__rosidl_generator_c.so[0m
[7.580s] [ 25%] Built target octomap_operations_interfaces__rosidl_generator_c
[7.600s] [ 26%] [34m[1mGenerating C introspection for ROS interfaces[0m
[7.601s] [ 28%] [34m[1mGenerating C type support for eProsima Fast-RTPS[0m
[7.609s] [ 29%] [34m[1mGenerating C++ type support dispatch for ROS interfaces[0m
[7.610s] [ 31%] [34m[1mGenerating C++ type support for eProsima Fast-RTPS[0m
[7.611s] [ 32%] [34m[1mGenerating C type support dispatch for ROS interfaces[0m
[7.612s] [ 34%] [34m[1mGenerating C++ introspection for ROS interfaces[0m
[8.468s] [ 35%] [32mBuilding CXX object CMakeFiles/octomap_operations_interfaces__rosidl_typesupport_c.dir/rosidl_typesupport_c/octomap_operations_interfaces/srv/focus_point__type_support.cpp.o[0m
[8.470s] [ 37%] [32mBuilding CXX object CMakeFiles/octomap_operations_interfaces__rosidl_typesupport_c.dir/rosidl_typesupport_c/octomap_operations_interfaces/srv/view_evaluate__type_support.cpp.o[0m
[8.473s] [ 39%] [32mBuilding CXX object CMakeFiles/octomap_operations_interfaces__rosidl_typesupport_c.dir/rosidl_typesupport_c/octomap_operations_interfaces/srv/octomap_data__type_support.cpp.o[0m
[8.474s] [ 40%] [32mBuilding CXX object CMakeFiles/octomap_operations_interfaces__rosidl_typesupport_c.dir/rosidl_typesupport_c/octomap_operations_interfaces/srv/stop_octomap_update__type_support.cpp.o[0m
[8.585s] [ 42%] [32mBuilding CXX object CMakeFiles/octomap_operations_interfaces__rosidl_typesupport_cpp.dir/rosidl_typesupport_cpp/octomap_operations_interfaces/srv/octomap_data__type_support.cpp.o[0m
[8.586s] [ 43%] [32mBuilding CXX object CMakeFiles/octomap_operations_interfaces__rosidl_typesupport_cpp.dir/rosidl_typesupport_cpp/octomap_operations_interfaces/srv/focus_point__type_support.cpp.o[0m
[8.587s] [ 45%] [32mBuilding CXX object CMakeFiles/octomap_operations_interfaces__rosidl_typesupport_cpp.dir/rosidl_typesupport_cpp/octomap_operations_interfaces/srv/view_evaluate__type_support.cpp.o[0m
[8.591s] [ 46%] [32mBuilding CXX object CMakeFiles/octomap_operations_interfaces__rosidl_typesupport_cpp.dir/rosidl_typesupport_cpp/octomap_operations_interfaces/srv/stop_octomap_update__type_support.cpp.o[0m
[8.608s] [ 48%] [32m[1mLinking CXX shared library liboctomap_operations_interfaces__rosidl_typesupport_c.so[0m
[8.740s] [ 50%] [32mBuilding CXX object CMakeFiles/octomap_operations_interfaces__rosidl_typesupport_fastrtps_cpp.dir/rosidl_typesupport_fastrtps_cpp/octomap_operations_interfaces/srv/detail/dds_fastrtps/octomap_data__type_support.cpp.o[0m
[8.742s] [ 51%] [32mBuilding CXX object CMakeFiles/octomap_operations_interfaces__rosidl_typesupport_fastrtps_cpp.dir/rosidl_typesupport_fastrtps_cpp/octomap_operations_interfaces/srv/detail/dds_fastrtps/stop_octomap_update__type_support.cpp.o[0m
[8.746s] [ 51%] Built target octomap_operations_interfaces__rosidl_typesupport_c
[8.749s] [ 53%] [32mBuilding CXX object CMakeFiles/octomap_operations_interfaces__rosidl_typesupport_fastrtps_cpp.dir/rosidl_typesupport_fastrtps_cpp/octomap_operations_interfaces/srv/detail/dds_fastrtps/focus_point__type_support.cpp.o[0m
[8.754s] [ 54%] [32mBuilding CXX object CMakeFiles/octomap_operations_interfaces__rosidl_typesupport_fastrtps_cpp.dir/rosidl_typesupport_fastrtps_cpp/octomap_operations_interfaces/srv/detail/dds_fastrtps/view_evaluate__type_support.cpp.o[0m
[8.927s] [ 56%] [32mBuilding CXX object CMakeFiles/octomap_operations_interfaces__rosidl_typesupport_introspection_cpp.dir/rosidl_typesupport_introspection_cpp/octomap_operations_interfaces/srv/detail/focus_point__type_support.cpp.o[0m
[8.965s] [ 57%] [32mBuilding CXX object CMakeFiles/octomap_operations_interfaces__rosidl_typesupport_introspection_cpp.dir/rosidl_typesupport_introspection_cpp/octomap_operations_interfaces/srv/detail/octomap_data__type_support.cpp.o[0m
[8.966s] [ 59%] [32mBuilding C object CMakeFiles/octomap_operations_interfaces__rosidl_typesupport_introspection_c.dir/rosidl_typesupport_introspection_c/octomap_operations_interfaces/srv/detail/focus_point__type_support.c.o[0m
[9.037s] [ 60%] [32mBuilding CXX object CMakeFiles/octomap_operations_interfaces__rosidl_typesupport_fastrtps_c.dir/rosidl_typesupport_fastrtps_c/octomap_operations_interfaces/srv/detail/focus_point__type_support_c.cpp.o[0m
[9.252s] [ 62%] [32mBuilding C object CMakeFiles/octomap_operations_interfaces__rosidl_typesupport_introspection_c.dir/rosidl_typesupport_introspection_c/octomap_operations_interfaces/srv/detail/octomap_data__type_support.c.o[0m
[9.529s] [ 64%] [32mBuilding C object CMakeFiles/octomap_operations_interfaces__rosidl_typesupport_introspection_c.dir/rosidl_typesupport_introspection_c/octomap_operations_interfaces/srv/detail/stop_octomap_update__type_support.c.o[0m
[9.668s] [ 65%] [32mBuilding C object CMakeFiles/octomap_operations_interfaces__rosidl_typesupport_introspection_c.dir/rosidl_typesupport_introspection_c/octomap_operations_interfaces/srv/detail/view_evaluate__type_support.c.o[0m
[9.873s] [ 67%] [32m[1mLinking C shared library liboctomap_operations_interfaces__rosidl_typesupport_introspection_c.so[0m
[9.978s] [ 67%] Built target octomap_operations_interfaces__rosidl_typesupport_introspection_c
[10.004s] [ 68%] [32mBuilding CXX object CMakeFiles/octomap_operations_interfaces__rosidl_typesupport_fastrtps_c.dir/rosidl_typesupport_fastrtps_c/octomap_operations_interfaces/srv/detail/octomap_data__type_support_c.cpp.o[0m
[10.504s] [ 70%] [32mBuilding CXX object CMakeFiles/octomap_operations_interfaces__rosidl_typesupport_introspection_cpp.dir/rosidl_typesupport_introspection_cpp/octomap_operations_interfaces/srv/detail/stop_octomap_update__type_support.cpp.o[0m
[10.510s] [ 71%] [32mBuilding CXX object CMakeFiles/octomap_operations_interfaces__rosidl_typesupport_introspection_cpp.dir/rosidl_typesupport_introspection_cpp/octomap_operations_interfaces/srv/detail/view_evaluate__type_support.cpp.o[0m
[10.521s] [ 73%] [32mBuilding CXX object CMakeFiles/octomap_operations_interfaces__rosidl_typesupport_fastrtps_c.dir/rosidl_typesupport_fastrtps_c/octomap_operations_interfaces/srv/detail/stop_octomap_update__type_support_c.cpp.o[0m
[10.705s] [ 75%] [32m[1mLinking CXX shared library liboctomap_operations_interfaces__rosidl_typesupport_cpp.so[0m
[10.755s] [ 76%] [32mBuilding CXX object CMakeFiles/octomap_operations_interfaces__rosidl_typesupport_fastrtps_c.dir/rosidl_typesupport_fastrtps_c/octomap_operations_interfaces/srv/detail/view_evaluate__type_support_c.cpp.o[0m
[10.944s] [ 76%] Built target octomap_operations_interfaces__rosidl_typesupport_cpp
[11.544s] [ 78%] [32m[1mLinking CXX shared library liboctomap_operations_interfaces__rosidl_typesupport_fastrtps_cpp.so[0m
[11.780s] [ 78%] Built target octomap_operations_interfaces__rosidl_typesupport_fastrtps_cpp
[11.970s] [ 79%] [32m[1mLinking CXX shared library liboctomap_operations_interfaces__rosidl_typesupport_introspection_cpp.so[0m
[12.132s] [ 79%] Built target octomap_operations_interfaces__rosidl_typesupport_introspection_cpp
[12.209s] [ 81%] [32m[1mLinking CXX shared library liboctomap_operations_interfaces__rosidl_typesupport_fastrtps_c.so[0m
[12.306s] [ 81%] Built target octomap_operations_interfaces__rosidl_typesupport_fastrtps_c
[12.335s] [ 81%] Built target octomap_operations_interfaces
[12.380s] [ 82%] [34m[1mGenerating Python code for ROS interfaces[0m
[13.603s] [ 82%] Built target octomap_operations_interfaces__py
[13.650s] [ 84%] [32mBuilding C object CMakeFiles/octomap_operations_interfaces__rosidl_generator_py.dir/rosidl_generator_py/octomap_operations_interfaces/srv/_focus_point_s.c.o[0m
[13.650s] [ 87%] [32mBuilding C object CMakeFiles/octomap_operations_interfaces__rosidl_generator_py.dir/rosidl_generator_py/octomap_operations_interfaces/srv/_octomap_data_s.c.o[0m
[13.651s] [ 87%] [32mBuilding C object CMakeFiles/octomap_operations_interfaces__rosidl_generator_py.dir/rosidl_generator_py/octomap_operations_interfaces/srv/_stop_octomap_update_s.c.o[0m
[13.651s] [ 89%] [32mBuilding C object CMakeFiles/octomap_operations_interfaces__rosidl_generator_py.dir/rosidl_generator_py/octomap_operations_interfaces/srv/_view_evaluate_s.c.o[0m
[14.061s] [ 90%] [32m[1mLinking C shared library liboctomap_operations_interfaces__rosidl_generator_py.so[0m
[14.133s] [ 90%] Built target octomap_operations_interfaces__rosidl_generator_py
[14.169s] [ 92%] [32mBuilding C object CMakeFiles/octomap_operations_interfaces_s__rosidl_typesupport_fastrtps_c.dir/rosidl_generator_py/octomap_operations_interfaces/_octomap_operations_interfaces_s.ep.rosidl_typesupport_fastrtps_c.c.o[0m
[14.177s] [ 93%] [32mBuilding C object CMakeFiles/octomap_operations_interfaces_s__rosidl_typesupport_introspection_c.dir/rosidl_generator_py/octomap_operations_interfaces/_octomap_operations_interfaces_s.ep.rosidl_typesupport_introspection_c.c.o[0m
[14.179s] [ 95%] [32mBuilding C object CMakeFiles/octomap_operations_interfaces_s__rosidl_typesupport_c.dir/rosidl_generator_py/octomap_operations_interfaces/_octomap_operations_interfaces_s.ep.rosidl_typesupport_c.c.o[0m
[14.409s] [ 96%] [32m[1mLinking C shared module rosidl_generator_py/octomap_operations_interfaces/octomap_operations_interfaces_s__rosidl_typesupport_fastrtps_c.so[0m
[14.470s] [ 98%] [32m[1mLinking C shared module rosidl_generator_py/octomap_operations_interfaces/octomap_operations_interfaces_s__rosidl_typesupport_c.so[0m
[14.480s] [ 98%] Built target octomap_operations_interfaces_s__rosidl_typesupport_fastrtps_c
[14.540s] [ 98%] Built target octomap_operations_interfaces_s__rosidl_typesupport_c
[14.548s] [100%] [32m[1mLinking C shared module rosidl_generator_py/octomap_operations_interfaces/octomap_operations_interfaces_s__rosidl_typesupport_introspection_c.so[0m
[14.616s] [100%] Built target octomap_operations_interfaces_s__rosidl_typesupport_introspection_c
[14.629s] Invoked command in '/home/laptop13/ros2_nbv_ws/build/octomap_operations_interfaces' returned '0': CMAKE_PREFIX_PATH=${CMAKE_PREFIX_PATH}:/opt/ros/jazzy DEBUGINFOD_URLS=https://debuginfod.ubuntu.com /usr/bin/cmake --build /home/laptop13/ros2_nbv_ws/build/octomap_operations_interfaces -- -j12 -l12
[14.649s] Invoking command in '/home/laptop13/ros2_nbv_ws/build/octomap_operations_interfaces': CMAKE_PREFIX_PATH=${CMAKE_PREFIX_PATH}:/opt/ros/jazzy DEBUGINFOD_URLS=https://debuginfod.ubuntu.com /usr/bin/cmake --install /home/laptop13/ros2_nbv_ws/build/octomap_operations_interfaces
[14.668s] -- Install configuration: ""
[14.668s] -- Installing: /home/laptop13/ros2_nbv_ws/install/octomap_operations_interfaces/share/ament_index/resource_index/rosidl_interfaces/octomap_operations_interfaces
[14.668s] -- Installing: /home/laptop13/ros2_nbv_ws/install/octomap_operations_interfaces/share/octomap_operations_interfaces/srv/FocusPoint.json
[14.669s] -- Installing: /home/laptop13/ros2_nbv_ws/install/octomap_operations_interfaces/share/octomap_operations_interfaces/srv/OctomapData.json
[14.669s] -- Installing: /home/laptop13/ros2_nbv_ws/install/octomap_operations_interfaces/share/octomap_operations_interfaces/srv/StopOctomapUpdate.json
[14.669s] -- Installing: /home/laptop13/ros2_nbv_ws/install/octomap_operations_interfaces/share/octomap_operations_interfaces/srv/ViewEvaluate.json
[14.669s] -- Installing: /home/laptop13/ros2_nbv_ws/install/octomap_operations_interfaces/include/octomap_operations_interfaces/octomap_operations_interfaces
[14.670s] -- Installing: /home/laptop13/ros2_nbv_ws/install/octomap_operations_interfaces/include/octomap_operations_interfaces/octomap_operations_interfaces/msg
[14.670s] -- Installing: /home/laptop13/ros2_nbv_ws/install/octomap_operations_interfaces/include/octomap_operations_interfaces/octomap_operations_interfaces/msg/rosidl_generator_c__visibility_control.h
[14.670s] -- Installing: /home/laptop13/ros2_nbv_ws/install/octomap_operations_interfaces/include/octomap_operations_interfaces/octomap_operations_interfaces/srv
[14.671s] -- Installing: /home/laptop13/ros2_nbv_ws/install/octomap_operations_interfaces/include/octomap_operations_interfaces/octomap_operations_interfaces/srv/focus_point.h
[14.671s] -- Installing: /home/laptop13/ros2_nbv_ws/install/octomap_operations_interfaces/include/octomap_operations_interfaces/octomap_operations_interfaces/srv/stop_octomap_update.h
[14.671s] -- Installing: /home/laptop13/ros2_nbv_ws/install/octomap_operations_interfaces/include/octomap_operations_interfaces/octomap_operations_interfaces/srv/octomap_data.h
[14.671s] -- Installing: /home/laptop13/ros2_nbv_ws/install/octomap_operations_interfaces/include/octomap_operations_interfaces/octomap_operations_interfaces/srv/view_evaluate.h
[14.671s] -- Installing: /home/laptop13/ros2_nbv_ws/install/octomap_operations_interfaces/include/octomap_operations_interfaces/octomap_operations_interfaces/srv/detail
[14.672s] -- Installing: /home/laptop13/ros2_nbv_ws/install/octomap_operations_interfaces/include/octomap_operations_interfaces/octomap_operations_interfaces/srv/detail/octomap_data__functions.h
[14.672s] -- Installing: /home/laptop13/ros2_nbv_ws/install/octomap_operations_interfaces/include/octomap_operations_interfaces/octomap_operations_interfaces/srv/detail/view_evaluate__functions.h
[14.672s] -- Installing: /home/laptop13/ros2_nbv_ws/install/octomap_operations_interfaces/include/octomap_operations_interfaces/octomap_operations_interfaces/srv/detail/octomap_data__struct.h
[14.672s] -- Installing: /home/laptop13/ros2_nbv_ws/install/octomap_operations_interfaces/include/octomap_operations_interfaces/octomap_operations_interfaces/srv/detail/stop_octomap_update__functions.h
[14.672s] -- Installing: /home/laptop13/ros2_nbv_ws/install/octomap_operations_interfaces/include/octomap_operations_interfaces/octomap_operations_interfaces/srv/detail/stop_octomap_update__type_support.h
[14.673s] -- Installing: /home/laptop13/ros2_nbv_ws/install/octomap_operations_interfaces/include/octomap_operations_interfaces/octomap_operations_interfaces/srv/detail/stop_octomap_update__struct.h
[14.673s] -- Installing: /home/laptop13/ros2_nbv_ws/install/octomap_operations_interfaces/include/octomap_operations_interfaces/octomap_operations_interfaces/srv/detail/octomap_data__type_support.h
[14.673s] -- Installing: /home/laptop13/ros2_nbv_ws/install/octomap_operations_interfaces/include/octomap_operations_interfaces/octomap_operations_interfaces/srv/detail/stop_octomap_update__functions.c
[14.673s] -- Installing: /home/laptop13/ros2_nbv_ws/install/octomap_operations_interfaces/include/octomap_operations_interfaces/octomap_operations_interfaces/srv/detail/octomap_data__description.c
[14.674s] -- Installing: /home/laptop13/ros2_nbv_ws/install/octomap_operations_interfaces/include/octomap_operations_interfaces/octomap_operations_interfaces/srv/detail/octomap_data__functions.c
[14.674s] -- Installing: /home/laptop13/ros2_nbv_ws/install/octomap_operations_interfaces/include/octomap_operations_interfaces/octomap_operations_interfaces/srv/detail/view_evaluate__struct.h
[14.674s] -- Installing: /home/laptop13/ros2_nbv_ws/install/octomap_operations_interfaces/include/octomap_operations_interfaces/octomap_operations_interfaces/srv/detail/focus_point__type_support.c
[14.674s] -- Installing: /home/laptop13/ros2_nbv_ws/install/octomap_operations_interfaces/include/octomap_operations_interfaces/octomap_operations_interfaces/srv/detail/view_evaluate__type_support.h
[14.674s] -- Installing: /home/laptop13/ros2_nbv_ws/install/octomap_operations_interfaces/include/octomap_operations_interfaces/octomap_operations_interfaces/srv/detail/stop_octomap_update__description.c
[14.675s] -- Installing: /home/laptop13/ros2_nbv_ws/install/octomap_operations_interfaces/include/octomap_operations_interfaces/octomap_operations_interfaces/srv/detail/focus_point__description.c
[14.675s] -- Installing: /home/laptop13/ros2_nbv_ws/install/octomap_operations_interfaces/include/octomap_operations_interfaces/octomap_operations_interfaces/srv/detail/octomap_data__type_support.c
[14.675s] -- Installing: /home/laptop13/ros2_nbv_ws/install/octomap_operations_interfaces/include/octomap_operations_interfaces/octomap_operations_interfaces/srv/detail/view_evaluate__description.c
[14.675s] -- Installing: /home/laptop13/ros2_nbv_ws/install/octomap_operations_interfaces/include/octomap_operations_interfaces/octomap_operations_interfaces/srv/detail/stop_octomap_update__type_support.c
[14.675s] -- Installing: /home/laptop13/ros2_nbv_ws/install/octomap_operations_interfaces/include/octomap_operations_interfaces/octomap_operations_interfaces/srv/detail/view_evaluate__type_support.c
[14.676s] -- Installing: /home/laptop13/ros2_nbv_ws/install/octomap_operations_interfaces/include/octomap_operations_interfaces/octomap_operations_interfaces/srv/detail/focus_point__type_support.h
[14.676s] -- Installing: /home/laptop13/ros2_nbv_ws/install/octomap_operations_interfaces/include/octomap_operations_interfaces/octomap_operations_interfaces/srv/detail/view_evaluate__functions.c
[14.676s] -- Installing: /home/laptop13/ros2_nbv_ws/install/octomap_operations_interfaces/include/octomap_operations_interfaces/octomap_operations_interfaces/srv/detail/focus_point__functions.c
[14.676s] -- Installing: /home/laptop13/ros2_nbv_ws/install/octomap_operations_interfaces/include/octomap_operations_interfaces/octomap_operations_interfaces/srv/detail/focus_point__functions.h
[14.677s] -- Installing: /home/laptop13/ros2_nbv_ws/install/octomap_operations_interfaces/include/octomap_operations_interfaces/octomap_operations_interfaces/srv/detail/focus_point__struct.h
[14.677s] -- Installing: /home/laptop13/ros2_nbv_ws/install/octomap_operations_interfaces/share/octomap_operations_interfaces/environment/library_path.sh
[14.677s] -- Installing: /home/laptop13/ros2_nbv_ws/install/octomap_operations_interfaces/share/octomap_operations_interfaces/environment/library_path.dsv
[14.677s] -- Installing: /home/laptop13/ros2_nbv_ws/install/octomap_operations_interfaces/lib/liboctomap_operations_interfaces__rosidl_generator_c.so
[14.677s] -- Set non-toolchain portion of runtime path of "/home/laptop13/ros2_nbv_ws/install/octomap_operations_interfaces/lib/liboctomap_operations_interfaces__rosidl_generator_c.so" to ""
[14.678s] -- Up-to-date: /home/laptop13/ros2_nbv_ws/install/octomap_operations_interfaces/include/octomap_operations_interfaces/octomap_operations_interfaces
[14.678s] -- Up-to-date: /home/laptop13/ros2_nbv_ws/install/octomap_operations_interfaces/include/octomap_operations_interfaces/octomap_operations_interfaces/msg
[14.678s] -- Installing: /home/laptop13/ros2_nbv_ws/install/octomap_operations_interfaces/include/octomap_operations_interfaces/octomap_operations_interfaces/msg/rosidl_typesupport_fastrtps_c__visibility_control.h
[14.678s] -- Up-to-date: /home/laptop13/ros2_nbv_ws/install/octomap_operations_interfaces/include/octomap_operations_interfaces/octomap_operations_interfaces/srv
[14.679s] -- Up-to-date: /home/laptop13/ros2_nbv_ws/install/octomap_operations_interfaces/include/octomap_operations_interfaces/octomap_operations_interfaces/srv/detail
[14.679s] -- Installing: /home/laptop13/ros2_nbv_ws/install/octomap_operations_interfaces/include/octomap_operations_interfaces/octomap_operations_interfaces/srv/detail/focus_point__rosidl_typesupport_fastrtps_c.h
[14.679s] -- Installing: /home/laptop13/ros2_nbv_ws/install/octomap_operations_interfaces/include/octomap_operations_interfaces/octomap_operations_interfaces/srv/detail/octomap_data__rosidl_typesupport_fastrtps_c.h
[14.679s] -- Installing: /home/laptop13/ros2_nbv_ws/install/octomap_operations_interfaces/include/octomap_operations_interfaces/octomap_operations_interfaces/srv/detail/view_evaluate__rosidl_typesupport_fastrtps_c.h
[14.679s] -- Installing: /home/laptop13/ros2_nbv_ws/install/octomap_operations_interfaces/include/octomap_operations_interfaces/octomap_operations_interfaces/srv/detail/stop_octomap_update__rosidl_typesupport_fastrtps_c.h
[14.680s] -- Installing: /home/laptop13/ros2_nbv_ws/install/octomap_operations_interfaces/lib/liboctomap_operations_interfaces__rosidl_typesupport_fastrtps_c.so
[14.680s] -- Set non-toolchain portion of runtime path of "/home/laptop13/ros2_nbv_ws/install/octomap_operations_interfaces/lib/liboctomap_operations_interfaces__rosidl_typesupport_fastrtps_c.so" to ""
[14.680s] -- Up-to-date: /home/laptop13/ros2_nbv_ws/install/octomap_operations_interfaces/include/octomap_operations_interfaces/octomap_operations_interfaces
[14.681s] -- Up-to-date: /home/laptop13/ros2_nbv_ws/install/octomap_operations_interfaces/include/octomap_operations_interfaces/octomap_operations_interfaces/msg
[14.681s] -- Installing: /home/laptop13/ros2_nbv_ws/install/octomap_operations_interfaces/include/octomap_operations_interfaces/octomap_operations_interfaces/msg/rosidl_generator_cpp__visibility_control.hpp
[14.681s] -- Up-to-date: /home/laptop13/ros2_nbv_ws/install/octomap_operations_interfaces/include/octomap_operations_interfaces/octomap_operations_interfaces/srv
[14.681s] -- Installing: /home/laptop13/ros2_nbv_ws/install/octomap_operations_interfaces/include/octomap_operations_interfaces/octomap_operations_interfaces/srv/octomap_data.hpp
[14.681s] -- Installing: /home/laptop13/ros2_nbv_ws/install/octomap_operations_interfaces/include/octomap_operations_interfaces/octomap_operations_interfaces/srv/focus_point.hpp
[14.682s] -- Installing: /home/laptop13/ros2_nbv_ws/install/octomap_operations_interfaces/include/octomap_operations_interfaces/octomap_operations_interfaces/srv/view_evaluate.hpp
[14.682s] -- Installing: /home/laptop13/ros2_nbv_ws/install/octomap_operations_interfaces/include/octomap_operations_interfaces/octomap_operations_interfaces/srv/stop_octomap_update.hpp
[14.682s] -- Up-to-date: /home/laptop13/ros2_nbv_ws/install/octomap_operations_interfaces/include/octomap_operations_interfaces/octomap_operations_interfaces/srv/detail
[14.682s] -- Installing: /home/laptop13/ros2_nbv_ws/install/octomap_operations_interfaces/include/octomap_operations_interfaces/octomap_operations_interfaces/srv/detail/octomap_data__struct.hpp
[14.682s] -- Installing: /home/laptop13/ros2_nbv_ws/install/octomap_operations_interfaces/include/octomap_operations_interfaces/octomap_operations_interfaces/srv/detail/focus_point__traits.hpp
[14.683s] -- Installing: /home/laptop13/ros2_nbv_ws/install/octomap_operations_interfaces/include/octomap_operations_interfaces/octomap_operations_interfaces/srv/detail/stop_octomap_update__traits.hpp
[14.683s] -- Installing: /home/laptop13/ros2_nbv_ws/install/octomap_operations_interfaces/include/octomap_operations_interfaces/octomap_operations_interfaces/srv/detail/view_evaluate__type_support.hpp
[14.683s] -- Installing: /home/laptop13/ros2_nbv_ws/install/octomap_operations_interfaces/include/octomap_operations_interfaces/octomap_operations_interfaces/srv/detail/octomap_data__type_support.hpp
[14.683s] -- Installing: /home/laptop13/ros2_nbv_ws/install/octomap_operations_interfaces/include/octomap_operations_interfaces/octomap_operations_interfaces/srv/detail/octomap_data__traits.hpp
[14.684s] -- Installing: /home/laptop13/ros2_nbv_ws/install/octomap_operations_interfaces/include/octomap_operations_interfaces/octomap_operations_interfaces/srv/detail/view_evaluate__struct.hpp
[14.684s] -- Installing: /home/laptop13/ros2_nbv_ws/install/octomap_operations_interfaces/include/octomap_operations_interfaces/octomap_operations_interfaces/srv/detail/focus_point__struct.hpp
[14.684s] -- Installing: /home/laptop13/ros2_nbv_ws/install/octomap_operations_interfaces/include/octomap_operations_interfaces/octomap_operations_interfaces/srv/detail/stop_octomap_update__struct.hpp
[14.684s] -- Installing: /home/laptop13/ros2_nbv_ws/install/octomap_operations_interfaces/include/octomap_operations_interfaces/octomap_operations_interfaces/srv/detail/focus_point__type_support.hpp
[14.684s] -- Installing: /home/laptop13/ros2_nbv_ws/install/octomap_operations_interfaces/include/octomap_operations_interfaces/octomap_operations_interfaces/srv/detail/octomap_data__builder.hpp
[14.685s] -- Installing: /home/laptop13/ros2_nbv_ws/install/octomap_operations_interfaces/include/octomap_operations_interfaces/octomap_operations_interfaces/srv/detail/stop_octomap_update__builder.hpp
[14.685s] -- Installing: /home/laptop13/ros2_nbv_ws/install/octomap_operations_interfaces/include/octomap_operations_interfaces/octomap_operations_interfaces/srv/detail/view_evaluate__traits.hpp
[14.685s] -- Installing: /home/laptop13/ros2_nbv_ws/install/octomap_operations_interfaces/include/octomap_operations_interfaces/octomap_operations_interfaces/srv/detail/stop_octomap_update__type_support.hpp
[14.685s] -- Installing: /home/laptop13/ros2_nbv_ws/install/octomap_operations_interfaces/include/octomap_operations_interfaces/octomap_operations_interfaces/srv/detail/focus_point__builder.hpp
[14.685s] -- Installing: /home/laptop13/ros2_nbv_ws/install/octomap_operations_interfaces/include/octomap_operations_interfaces/octomap_operations_interfaces/srv/detail/view_evaluate__builder.hpp
[14.686s] -- Up-to-date: /home/laptop13/ros2_nbv_ws/install/octomap_operations_interfaces/include/octomap_operations_interfaces/octomap_operations_interfaces
[14.686s] -- Up-to-date: /home/laptop13/ros2_nbv_ws/install/octomap_operations_interfaces/include/octomap_operations_interfaces/octomap_operations_interfaces/msg
[14.686s] -- Installing: /home/laptop13/ros2_nbv_ws/install/octomap_operations_interfaces/include/octomap_operations_interfaces/octomap_operations_interfaces/msg/rosidl_typesupport_fastrtps_cpp__visibility_control.h
[14.686s] -- Up-to-date: /home/laptop13/ros2_nbv_ws/install/octomap_operations_interfaces/include/octomap_operations_interfaces/octomap_operations_interfaces/srv
[14.686s] -- Up-to-date: /home/laptop13/ros2_nbv_ws/install/octomap_operations_interfaces/include/octomap_operations_interfaces/octomap_operations_interfaces/srv/detail
[14.687s] -- Installing: /home/laptop13/ros2_nbv_ws/install/octomap_operations_interfaces/include/octomap_operations_interfaces/octomap_operations_interfaces/srv/detail/octomap_data__rosidl_typesupport_fastrtps_cpp.hpp
[14.687s] -- Installing: /home/laptop13/ros2_nbv_ws/install/octomap_operations_interfaces/include/octomap_operations_interfaces/octomap_operations_interfaces/srv/detail/view_evaluate__rosidl_typesupport_fastrtps_cpp.hpp
[14.687s] -- Installing: /home/laptop13/ros2_nbv_ws/install/octomap_operations_interfaces/include/octomap_operations_interfaces/octomap_operations_interfaces/srv/detail/dds_fastrtps
[14.687s] -- Installing: /home/laptop13/ros2_nbv_ws/install/octomap_operations_interfaces/include/octomap_operations_interfaces/octomap_operations_interfaces/srv/detail/stop_octomap_update__rosidl_typesupport_fastrtps_cpp.hpp
[14.687s] -- Installing: /home/laptop13/ros2_nbv_ws/install/octomap_operations_interfaces/include/octomap_operations_interfaces/octomap_operations_interfaces/srv/detail/focus_point__rosidl_typesupport_fastrtps_cpp.hpp
[14.688s] -- Installing: /home/laptop13/ros2_nbv_ws/install/octomap_operations_interfaces/lib/liboctomap_operations_interfaces__rosidl_typesupport_fastrtps_cpp.so
[14.688s] -- Set non-toolchain portion of runtime path of "/home/laptop13/ros2_nbv_ws/install/octomap_operations_interfaces/lib/liboctomap_operations_interfaces__rosidl_typesupport_fastrtps_cpp.so" to ""
[14.688s] -- Up-to-date: /home/laptop13/ros2_nbv_ws/install/octomap_operations_interfaces/include/octomap_operations_interfaces/octomap_operations_interfaces
[14.688s] -- Up-to-date: /home/laptop13/ros2_nbv_ws/install/octomap_operations_interfaces/include/octomap_operations_interfaces/octomap_operations_interfaces/msg
[14.689s] -- Installing: /home/laptop13/ros2_nbv_ws/install/octomap_operations_interfaces/include/octomap_operations_interfaces/octomap_operations_interfaces/msg/rosidl_typesupport_introspection_c__visibility_control.h
[14.689s] -- Up-to-date: /home/laptop13/ros2_nbv_ws/install/octomap_operations_interfaces/include/octomap_operations_interfaces/octomap_operations_interfaces/srv
[14.689s] -- Up-to-date: /home/laptop13/ros2_nbv_ws/install/octomap_operations_interfaces/include/octomap_operations_interfaces/octomap_operations_interfaces/srv/detail
[14.689s] -- Installing: /home/laptop13/ros2_nbv_ws/install/octomap_operations_interfaces/include/octomap_operations_interfaces/octomap_operations_interfaces/srv/detail/view_evaluate__rosidl_typesupport_introspection_c.h
[14.690s] -- Installing: /home/laptop13/ros2_nbv_ws/install/octomap_operations_interfaces/include/octomap_operations_interfaces/octomap_operations_interfaces/srv/detail/stop_octomap_update__rosidl_typesupport_introspection_c.h
[14.690s] -- Installing: /home/laptop13/ros2_nbv_ws/install/octomap_operations_interfaces/include/octomap_operations_interfaces/octomap_operations_interfaces/srv/detail/octomap_data__rosidl_typesupport_introspection_c.h
[14.690s] -- Installing: /home/laptop13/ros2_nbv_ws/install/octomap_operations_interfaces/include/octomap_operations_interfaces/octomap_operations_interfaces/srv/detail/focus_point__rosidl_typesupport_introspection_c.h
[14.690s] -- Installing: /home/laptop13/ros2_nbv_ws/install/octomap_operations_interfaces/include/octomap_operations_interfaces/octomap_operations_interfaces/srv/detail/focus_point__type_support.c
[14.691s] -- Installing: /home/laptop13/ros2_nbv_ws/install/octomap_operations_interfaces/include/octomap_operations_interfaces/octomap_operations_interfaces/srv/detail/octomap_data__type_support.c
[14.691s] -- Installing: /home/laptop13/ros2_nbv_ws/install/octomap_operations_interfaces/include/octomap_operations_interfaces/octomap_operations_interfaces/srv/detail/stop_octomap_update__type_support.c
[14.691s] -- Installing: /home/laptop13/ros2_nbv_ws/install/octomap_operations_interfaces/include/octomap_operations_interfaces/octomap_operations_interfaces/srv/detail/view_evaluate__type_support.c
[14.691s] -- Installing: /home/laptop13/ros2_nbv_ws/install/octomap_operations_interfaces/lib/liboctomap_operations_interfaces__rosidl_typesupport_introspection_c.so
[14.691s] -- Set non-toolchain portion of runtime path of "/home/laptop13/ros2_nbv_ws/install/octomap_operations_interfaces/lib/liboctomap_operations_interfaces__rosidl_typesupport_introspection_c.so" to ""
[14.692s] -- Installing: /home/laptop13/ros2_nbv_ws/install/octomap_operations_interfaces/lib/liboctomap_operations_interfaces__rosidl_typesupport_c.so
[14.692s] -- Set non-toolchain portion of runtime path of "/home/laptop13/ros2_nbv_ws/install/octomap_operations_interfaces/lib/liboctomap_operations_interfaces__rosidl_typesupport_c.so" to ""
[14.692s] -- Up-to-date: /home/laptop13/ros2_nbv_ws/install/octomap_operations_interfaces/include/octomap_operations_interfaces/octomap_operations_interfaces
[14.693s] -- Up-to-date: /home/laptop13/ros2_nbv_ws/install/octomap_operations_interfaces/include/octomap_operations_interfaces/octomap_operations_interfaces/srv
[14.693s] -- Up-to-date: /home/laptop13/ros2_nbv_ws/install/octomap_operations_interfaces/include/octomap_operations_interfaces/octomap_operations_interfaces/srv/detail
[14.693s] -- Installing: /home/laptop13/ros2_nbv_ws/install/octomap_operations_interfaces/include/octomap_operations_interfaces/octomap_operations_interfaces/srv/detail/octomap_data__type_support.cpp
[14.693s] -- Installing: /home/laptop13/ros2_nbv_ws/install/octomap_operations_interfaces/include/octomap_operations_interfaces/octomap_operations_interfaces/srv/detail/focus_point__type_support.cpp
[14.693s] -- Installing: /home/laptop13/ros2_nbv_ws/install/octomap_operations_interfaces/include/octomap_operations_interfaces/octomap_operations_interfaces/srv/detail/view_evaluate__type_support.cpp
[14.694s] -- Installing: /home/laptop13/ros2_nbv_ws/install/octomap_operations_interfaces/include/octomap_operations_interfaces/octomap_operations_interfaces/srv/detail/view_evaluate__rosidl_typesupport_introspection_cpp.hpp
[14.694s] -- Installing: /home/laptop13/ros2_nbv_ws/install/octomap_operations_interfaces/include/octomap_operations_interfaces/octomap_operations_interfaces/srv/detail/stop_octomap_update__type_support.cpp
[14.694s] -- Installing: /home/laptop13/ros2_nbv_ws/install/octomap_operations_interfaces/include/octomap_operations_interfaces/octomap_operations_interfaces/srv/detail/stop_octomap_update__rosidl_typesupport_introspection_cpp.hpp
[14.694s] -- Installing: /home/laptop13/ros2_nbv_ws/install/octomap_operations_interfaces/include/octomap_operations_interfaces/octomap_operations_interfaces/srv/detail/focus_point__rosidl_typesupport_introspection_cpp.hpp
[14.695s] -- Installing: /home/laptop13/ros2_nbv_ws/install/octomap_operations_interfaces/include/octomap_operations_interfaces/octomap_operations_interfaces/srv/detail/octomap_data__rosidl_typesupport_introspection_cpp.hpp
[14.695s] -- Installing: /home/laptop13/ros2_nbv_ws/install/octomap_operations_interfaces/lib/liboctomap_operations_interfaces__rosidl_typesupport_introspection_cpp.so
[14.698s] -- Set non-toolchain portion of runtime path of "/home/laptop13/ros2_nbv_ws/install/octomap_operations_interfaces/lib/liboctomap_operations_interfaces__rosidl_typesupport_introspection_cpp.so" to ""
[14.698s] -- Installing: /home/laptop13/ros2_nbv_ws/install/octomap_operations_interfaces/lib/liboctomap_operations_interfaces__rosidl_typesupport_cpp.so
[14.700s] -- Set non-toolchain portion of runtime path of "/home/laptop13/ros2_nbv_ws/install/octomap_operations_interfaces/lib/liboctomap_operations_interfaces__rosidl_typesupport_cpp.so" to ""
[14.700s] -- Installing: /home/laptop13/ros2_nbv_ws/install/octomap_operations_interfaces/share/octomap_operations_interfaces/environment/pythonpath.sh
[14.701s] -- Installing: /home/laptop13/ros2_nbv_ws/install/octomap_operations_interfaces/share/octomap_operations_interfaces/environment/pythonpath.dsv
[14.701s] -- Installing: /home/laptop13/ros2_nbv_ws/install/octomap_operations_interfaces/lib/python3.12/site-packages/octomap_operations_interfaces-0.0.0-py3.12.egg-info
[14.701s] -- Installing: /home/laptop13/ros2_nbv_ws/install/octomap_operations_interfaces/lib/python3.12/site-packages/octomap_operations_interfaces-0.0.0-py3.12.egg-info/dependency_links.txt
[14.702s] -- Installing: /home/laptop13/ros2_nbv_ws/install/octomap_operations_interfaces/lib/python3.12/site-packages/octomap_operations_interfaces-0.0.0-py3.12.egg-info/SOURCES.txt
[14.702s] -- Installing: /home/laptop13/ros2_nbv_ws/install/octomap_operations_interfaces/lib/python3.12/site-packages/octomap_operations_interfaces-0.0.0-py3.12.egg-info/top_level.txt
[14.702s] -- Installing: /home/laptop13/ros2_nbv_ws/install/octomap_operations_interfaces/lib/python3.12/site-packages/octomap_operations_interfaces-0.0.0-py3.12.egg-info/PKG-INFO
[14.703s] -- Installing: /home/laptop13/ros2_nbv_ws/install/octomap_operations_interfaces/lib/python3.12/site-packages/octomap_operations_interfaces
[14.703s] -- Installing: /home/laptop13/ros2_nbv_ws/install/octomap_operations_interfaces/lib/python3.12/site-packages/octomap_operations_interfaces/octomap_operations_interfaces_s__rosidl_typesupport_introspection_c.so
[14.703s] -- Installing: /home/laptop13/ros2_nbv_ws/install/octomap_operations_interfaces/lib/python3.12/site-packages/octomap_operations_interfaces/_octomap_operations_interfaces_s.ep.rosidl_typesupport_c.c
[14.703s] -- Installing: /home/laptop13/ros2_nbv_ws/install/octomap_operations_interfaces/lib/python3.12/site-packages/octomap_operations_interfaces/_octomap_operations_interfaces_s.ep.rosidl_typesupport_introspection_c.c
[14.704s] -- Installing: /home/laptop13/ros2_nbv_ws/install/octomap_operations_interfaces/lib/python3.12/site-packages/octomap_operations_interfaces/octomap_operations_interfaces_s__rosidl_typesupport_fastrtps_c.so
[14.704s] -- Installing: /home/laptop13/ros2_nbv_ws/install/octomap_operations_interfaces/lib/python3.12/site-packages/octomap_operations_interfaces/__init__.py
[14.704s] -- Installing: /home/laptop13/ros2_nbv_ws/install/octomap_operations_interfaces/lib/python3.12/site-packages/octomap_operations_interfaces/srv
[14.704s] -- Installing: /home/laptop13/ros2_nbv_ws/install/octomap_operations_interfaces/lib/python3.12/site-packages/octomap_operations_interfaces/srv/_stop_octomap_update_s.c
[14.705s] -- Installing: /home/laptop13/ros2_nbv_ws/install/octomap_operations_interfaces/lib/python3.12/site-packages/octomap_operations_interfaces/srv/_stop_octomap_update.py
[14.705s] -- Installing: /home/laptop13/ros2_nbv_ws/install/octomap_operations_interfaces/lib/python3.12/site-packages/octomap_operations_interfaces/srv/_view_evaluate.py
[14.705s] -- Installing: /home/laptop13/ros2_nbv_ws/install/octomap_operations_interfaces/lib/python3.12/site-packages/octomap_operations_interfaces/srv/_focus_point.py
[14.705s] -- Installing: /home/laptop13/ros2_nbv_ws/install/octomap_operations_interfaces/lib/python3.12/site-packages/octomap_operations_interfaces/srv/__init__.py
[14.705s] -- Installing: /home/laptop13/ros2_nbv_ws/install/octomap_operations_interfaces/lib/python3.12/site-packages/octomap_operations_interfaces/srv/_focus_point_s.c
[14.706s] -- Installing: /home/laptop13/ros2_nbv_ws/install/octomap_operations_interfaces/lib/python3.12/site-packages/octomap_operations_interfaces/srv/_octomap_data.py
[14.706s] -- Installing: /home/laptop13/ros2_nbv_ws/install/octomap_operations_interfaces/lib/python3.12/site-packages/octomap_operations_interfaces/srv/_octomap_data_s.c
[14.706s] -- Installing: /home/laptop13/ros2_nbv_ws/install/octomap_operations_interfaces/lib/python3.12/site-packages/octomap_operations_interfaces/srv/_view_evaluate_s.c
[14.706s] -- Installing: /home/laptop13/ros2_nbv_ws/install/octomap_operations_interfaces/lib/python3.12/site-packages/octomap_operations_interfaces/octomap_operations_interfaces_s__rosidl_typesupport_c.so
[14.706s] -- Installing: /home/laptop13/ros2_nbv_ws/install/octomap_operations_interfaces/lib/python3.12/site-packages/octomap_operations_interfaces/_octomap_operations_interfaces_s.ep.rosidl_typesupport_fastrtps_c.c
[14.788s] Listing '/home/laptop13/ros2_nbv_ws/install/octomap_operations_interfaces/lib/python3.12/site-packages/octomap_operations_interfaces'...
[14.788s] Compiling '/home/laptop13/ros2_nbv_ws/install/octomap_operations_interfaces/lib/python3.12/site-packages/octomap_operations_interfaces/__init__.py'...
[14.788s] Listing '/home/laptop13/ros2_nbv_ws/install/octomap_operations_interfaces/lib/python3.12/site-packages/octomap_operations_interfaces/srv'...
[14.788s] Compiling '/home/laptop13/ros2_nbv_ws/install/octomap_operations_interfaces/lib/python3.12/site-packages/octomap_operations_interfaces/srv/__init__.py'...
[14.788s] Compiling '/home/laptop13/ros2_nbv_ws/install/octomap_operations_interfaces/lib/python3.12/site-packages/octomap_operations_interfaces/srv/_focus_point.py'...
[14.789s] Compiling '/home/laptop13/ros2_nbv_ws/install/octomap_operations_interfaces/lib/python3.12/site-packages/octomap_operations_interfaces/srv/_octomap_data.py'...
[14.789s] Compiling '/home/laptop13/ros2_nbv_ws/install/octomap_operations_interfaces/lib/python3.12/site-packages/octomap_operations_interfaces/srv/_stop_octomap_update.py'...
[14.789s] Compiling '/home/laptop13/ros2_nbv_ws/install/octomap_operations_interfaces/lib/python3.12/site-packages/octomap_operations_interfaces/srv/_view_evaluate.py'...
[14.793s] -- Installing: /home/laptop13/ros2_nbv_ws/install/octomap_operations_interfaces/lib/python3.12/site-packages/octomap_operations_interfaces/octomap_operations_interfaces_s__rosidl_typesupport_fastrtps_c.so
[14.793s] -- Set non-toolchain portion of runtime path of "/home/laptop13/ros2_nbv_ws/install/octomap_operations_interfaces/lib/python3.12/site-packages/octomap_operations_interfaces/octomap_operations_interfaces_s__rosidl_typesupport_fastrtps_c.so" to ""
[14.794s] -- Installing: /home/laptop13/ros2_nbv_ws/install/octomap_operations_interfaces/lib/python3.12/site-packages/octomap_operations_interfaces/octomap_operations_interfaces_s__rosidl_typesupport_introspection_c.so
[14.794s] -- Set non-toolchain portion of runtime path of "/home/laptop13/ros2_nbv_ws/install/octomap_operations_interfaces/lib/python3.12/site-packages/octomap_operations_interfaces/octomap_operations_interfaces_s__rosidl_typesupport_introspection_c.so" to ""
[14.794s] -- Installing: /home/laptop13/ros2_nbv_ws/install/octomap_operations_interfaces/lib/python3.12/site-packages/octomap_operations_interfaces/octomap_operations_interfaces_s__rosidl_typesupport_c.so
[14.795s] -- Set non-toolchain portion of runtime path of "/home/laptop13/ros2_nbv_ws/install/octomap_operations_interfaces/lib/python3.12/site-packages/octomap_operations_interfaces/octomap_operations_interfaces_s__rosidl_typesupport_c.so" to ""
[14.795s] -- Installing: /home/laptop13/ros2_nbv_ws/install/octomap_operations_interfaces/lib/liboctomap_operations_interfaces__rosidl_generator_py.so
[14.795s] -- Set non-toolchain portion of runtime path of "/home/laptop13/ros2_nbv_ws/install/octomap_operations_interfaces/lib/liboctomap_operations_interfaces__rosidl_generator_py.so" to ""
[14.795s] -- Installing: /home/laptop13/ros2_nbv_ws/install/octomap_operations_interfaces/share/octomap_operations_interfaces/srv/FocusPoint.idl
[14.796s] -- Installing: /home/laptop13/ros2_nbv_ws/install/octomap_operations_interfaces/share/octomap_operations_interfaces/srv/OctomapData.idl
[14.796s] -- Installing: /home/laptop13/ros2_nbv_ws/install/octomap_operations_interfaces/share/octomap_operations_interfaces/srv/StopOctomapUpdate.idl
[14.796s] -- Installing: /home/laptop13/ros2_nbv_ws/install/octomap_operations_interfaces/share/octomap_operations_interfaces/srv/ViewEvaluate.idl
[14.796s] -- Installing: /home/laptop13/ros2_nbv_ws/install/octomap_operations_interfaces/share/octomap_operations_interfaces/srv/FocusPoint.srv
[14.797s] -- Installing: /home/laptop13/ros2_nbv_ws/install/octomap_operations_interfaces/share/octomap_operations_interfaces/srv/OctomapData.srv
[14.797s] -- Installing: /home/laptop13/ros2_nbv_ws/install/octomap_operations_interfaces/share/octomap_operations_interfaces/srv/StopOctomapUpdate.srv
[14.798s] -- Installing: /home/laptop13/ros2_nbv_ws/install/octomap_operations_interfaces/share/octomap_operations_interfaces/srv/ViewEvaluate.srv
[14.798s] -- Installing: /home/laptop13/ros2_nbv_ws/install/octomap_operations_interfaces/share/ament_index/resource_index/package_run_dependencies/octomap_operations_interfaces
[14.798s] -- Installing: /home/laptop13/ros2_nbv_ws/install/octomap_operations_interfaces/share/ament_index/resource_index/parent_prefix_path/octomap_operations_interfaces
[14.798s] -- Installing: /home/laptop13/ros2_nbv_ws/install/octomap_operations_interfaces/share/octomap_operations_interfaces/environment/ament_prefix_path.sh
[14.799s] -- Installing: /home/laptop13/ros2_nbv_ws/install/octomap_operations_interfaces/share/octomap_operations_interfaces/environment/ament_prefix_path.dsv
[14.799s] -- Installing: /home/laptop13/ros2_nbv_ws/install/octomap_operations_interfaces/share/octomap_operations_interfaces/environment/path.sh
[14.799s] -- Installing: /home/laptop13/ros2_nbv_ws/install/octomap_operations_interfaces/share/octomap_operations_interfaces/environment/path.dsv
[14.799s] -- Installing: /home/laptop13/ros2_nbv_ws/install/octomap_operations_interfaces/share/octomap_operations_interfaces/local_setup.bash
[14.799s] -- Installing: /home/laptop13/ros2_nbv_ws/install/octomap_operations_interfaces/share/octomap_operations_interfaces/local_setup.sh
[14.799s] -- Installing: /home/laptop13/ros2_nbv_ws/install/octomap_operations_interfaces/share/octomap_operations_interfaces/local_setup.zsh
[14.799s] -- Installing: /home/laptop13/ros2_nbv_ws/install/octomap_operations_interfaces/share/octomap_operations_interfaces/local_setup.dsv
[14.799s] -- Installing: /home/laptop13/ros2_nbv_ws/install/octomap_operations_interfaces/share/octomap_operations_interfaces/package.dsv
[14.799s] -- Installing: /home/laptop13/ros2_nbv_ws/install/octomap_operations_interfaces/share/ament_index/resource_index/packages/octomap_operations_interfaces
[14.799s] -- Installing: /home/laptop13/ros2_nbv_ws/install/octomap_operations_interfaces/share/octomap_operations_interfaces/cmake/export_octomap_operations_interfaces__rosidl_generator_cExport.cmake
[14.799s] -- Installing: /home/laptop13/ros2_nbv_ws/install/octomap_operations_interfaces/share/octomap_operations_interfaces/cmake/export_octomap_operations_interfaces__rosidl_generator_cExport-noconfig.cmake
[14.800s] -- Installing: /home/laptop13/ros2_nbv_ws/install/octomap_operations_interfaces/share/octomap_operations_interfaces/cmake/export_octomap_operations_interfaces__rosidl_typesupport_fastrtps_cExport.cmake
[14.800s] -- Installing: /home/laptop13/ros2_nbv_ws/install/octomap_operations_interfaces/share/octomap_operations_interfaces/cmake/export_octomap_operations_interfaces__rosidl_typesupport_fastrtps_cExport-noconfig.cmake
[14.800s] -- Installing: /home/laptop13/ros2_nbv_ws/install/octomap_operations_interfaces/share/octomap_operations_interfaces/cmake/export_octomap_operations_interfaces__rosidl_generator_cppExport.cmake
[14.800s] -- Installing: /home/laptop13/ros2_nbv_ws/install/octomap_operations_interfaces/share/octomap_operations_interfaces/cmake/export_octomap_operations_interfaces__rosidl_typesupport_fastrtps_cppExport.cmake
[14.800s] -- Installing: /home/laptop13/ros2_nbv_ws/install/octomap_operations_interfaces/share/octomap_operations_interfaces/cmake/export_octomap_operations_interfaces__rosidl_typesupport_fastrtps_cppExport-noconfig.cmake
[14.800s] -- Installing: /home/laptop13/ros2_nbv_ws/install/octomap_operations_interfaces/share/octomap_operations_interfaces/cmake/octomap_operations_interfaces__rosidl_typesupport_introspection_cExport.cmake
[14.800s] -- Installing: /home/laptop13/ros2_nbv_ws/install/octomap_operations_interfaces/share/octomap_operations_interfaces/cmake/octomap_operations_interfaces__rosidl_typesupport_introspection_cExport-noconfig.cmake
[14.801s] -- Installing: /home/laptop13/ros2_nbv_ws/install/octomap_operations_interfaces/share/octomap_operations_interfaces/cmake/octomap_operations_interfaces__rosidl_typesupport_cExport.cmake
[14.801s] -- Installing: /home/laptop13/ros2_nbv_ws/install/octomap_operations_interfaces/share/octomap_operations_interfaces/cmake/octomap_operations_interfaces__rosidl_typesupport_cExport-noconfig.cmake
[14.801s] -- Installing: /home/laptop13/ros2_nbv_ws/install/octomap_operations_interfaces/share/octomap_operations_interfaces/cmake/octomap_operations_interfaces__rosidl_typesupport_introspection_cppExport.cmake
[14.801s] -- Installing: /home/laptop13/ros2_nbv_ws/install/octomap_operations_interfaces/share/octomap_operations_interfaces/cmake/octomap_operations_interfaces__rosidl_typesupport_introspection_cppExport-noconfig.cmake
[14.801s] -- Installing: /home/laptop13/ros2_nbv_ws/install/octomap_operations_interfaces/share/octomap_operations_interfaces/cmake/octomap_operations_interfaces__rosidl_typesupport_cppExport.cmake
[14.801s] -- Installing: /home/laptop13/ros2_nbv_ws/install/octomap_operations_interfaces/share/octomap_operations_interfaces/cmake/octomap_operations_interfaces__rosidl_typesupport_cppExport-noconfig.cmake
[14.801s] -- Installing: /home/laptop13/ros2_nbv_ws/install/octomap_operations_interfaces/share/octomap_operations_interfaces/cmake/export_octomap_operations_interfaces__rosidl_generator_pyExport.cmake
[14.801s] -- Installing: /home/laptop13/ros2_nbv_ws/install/octomap_operations_interfaces/share/octomap_operations_interfaces/cmake/export_octomap_operations_interfaces__rosidl_generator_pyExport-noconfig.cmake
[14.801s] -- Installing: /home/laptop13/ros2_nbv_ws/install/octomap_operations_interfaces/share/octomap_operations_interfaces/cmake/rosidl_cmake-extras.cmake
[14.801s] -- Installing: /home/laptop13/ros2_nbv_ws/install/octomap_operations_interfaces/share/octomap_operations_interfaces/cmake/ament_cmake_export_dependencies-extras.cmake
[14.802s] -- Installing: /home/laptop13/ros2_nbv_ws/install/octomap_operations_interfaces/share/octomap_operations_interfaces/cmake/ament_cmake_export_include_directories-extras.cmake
[14.802s] -- Installing: /home/laptop13/ros2_nbv_ws/install/octomap_operations_interfaces/share/octomap_operations_interfaces/cmake/ament_cmake_export_libraries-extras.cmake
[14.802s] -- Installing: /home/laptop13/ros2_nbv_ws/install/octomap_operations_interfaces/share/octomap_operations_interfaces/cmake/ament_cmake_export_targets-extras.cmake
[14.802s] -- Installing: /home/laptop13/ros2_nbv_ws/install/octomap_operations_interfaces/share/octomap_operations_interfaces/cmake/rosidl_cmake_export_typesupport_targets-extras.cmake
[14.802s] -- Installing: /home/laptop13/ros2_nbv_ws/install/octomap_operations_interfaces/share/octomap_operations_interfaces/cmake/rosidl_cmake_export_typesupport_libraries-extras.cmake
[14.802s] -- Installing: /home/laptop13/ros2_nbv_ws/install/octomap_operations_interfaces/share/octomap_operations_interfaces/cmake/octomap_operations_interfacesConfig.cmake
[14.802s] -- Installing: /home/laptop13/ros2_nbv_ws/install/octomap_operations_interfaces/share/octomap_operations_interfaces/cmake/octomap_operations_interfacesConfig-version.cmake
[14.802s] -- Installing: /home/laptop13/ros2_nbv_ws/install/octomap_operations_interfaces/share/octomap_operations_interfaces/package.xml
[14.806s] Invoked command in '/home/laptop13/ros2_nbv_ws/build/octomap_operations_interfaces' returned '0': CMAKE_PREFIX_PATH=${CMAKE_PREFIX_PATH}:/opt/ros/jazzy DEBUGINFOD_URLS=https://debuginfod.ubuntu.com /usr/bin/cmake --install /home/laptop13/ros2_nbv_ws/build/octomap_operations_interfaces
