[0.129s] DEBUG:colcon:Command line arguments: ['/usr/bin/colcon', 'build']
[0.130s] DEBUG:colcon:Parsed command line arguments: Namespace(log_base=None, log_level=None, verb_name='build', build_base='build', install_base='install', merge_install=False, symlink_install=False, test_result_base=None, continue_on_error=False, executor='parallel', parallel_workers=12, event_handlers=None, ignore_user_meta=False, metas=['./colcon.meta'], base_paths=['.'], packages_ignore=None, packages_ignore_regex=None, paths=None, packages_up_to=None, packages_up_to_regex=None, packages_above=None, packages_above_and_dependencies=None, packages_above_depth=None, packages_select_by_dep=None, packages_skip_by_dep=None, packages_skip_up_to=None, packages_select_build_failed=False, packages_skip_build_finished=False, packages_select_test_failures=False, packages_skip_test_passed=False, packages_select=None, packages_skip=None, packages_select_regex=None, packages_skip_regex=None, packages_start=None, packages_end=None, allow_overriding=[], cmake_args=None, cmake_target=None, cmake_target_skip_unavailable=False, cmake_clean_cache=False, cmake_clean_first=False, cmake_force_configure=False, ament_cmake_args=None, catkin_cmake_args=None, catkin_skip_building_tests=False, mixin_files=None, mixin=None, verb_parser=<colcon_mixin.mixin.mixin_argument.MixinArgumentDecorator object at 0x73c839794d10>, verb_extension=<colcon_core.verb.build.BuildVerb object at 0x73c839794a10>, main=<bound method BuildVerb.main of <colcon_core.verb.build.BuildVerb object at 0x73c839794a10>>, mixin_verb=('build',))
[0.169s] Level 1:colcon.colcon_core.package_discovery:discover_packages(colcon_meta) check parameters
[0.169s] Level 1:colcon.colcon_core.package_discovery:discover_packages(recursive) check parameters
[0.169s] Level 1:colcon.colcon_core.package_discovery:discover_packages(ignore) check parameters
[0.169s] Level 1:colcon.colcon_core.package_discovery:discover_packages(path) check parameters
[0.169s] Level 1:colcon.colcon_core.package_discovery:discover_packages(colcon_meta) discover
[0.169s] Level 1:colcon.colcon_core.package_discovery:discover_packages(recursive) discover
[0.169s] INFO:colcon.colcon_core.package_discovery:Crawling recursively for packages in '/home/laptop13/ros2_nbv_ws'
[0.170s] Level 1:colcon.colcon_core.package_identification:_identify(.) by extensions ['ignore', 'ignore_ament_install']
[0.170s] Level 1:colcon.colcon_core.package_identification:_identify(.) by extension 'ignore'
[0.170s] Level 1:colcon.colcon_core.package_identification:_identify(.) by extension 'ignore_ament_install'
[0.170s] Level 1:colcon.colcon_core.package_identification:_identify(.) by extensions ['colcon_pkg']
[0.170s] Level 1:colcon.colcon_core.package_identification:_identify(.) by extension 'colcon_pkg'
[0.170s] Level 1:colcon.colcon_core.package_identification:_identify(.) by extensions ['colcon_meta']
[0.170s] Level 1:colcon.colcon_core.package_identification:_identify(.) by extension 'colcon_meta'
[0.170s] Level 1:colcon.colcon_core.package_identification:_identify(.) by extensions ['ros']
[0.170s] Level 1:colcon.colcon_core.package_identification:_identify(.) by extension 'ros'
[0.201s] Level 1:colcon.colcon_core.package_identification:_identify(.) by extensions ['cmake', 'python']
[0.201s] Level 1:colcon.colcon_core.package_identification:_identify(.) by extension 'cmake'
[0.201s] Level 1:colcon.colcon_core.package_identification:_identify(.) by extension 'python'
[0.201s] Level 1:colcon.colcon_core.package_identification:_identify(.) by extensions ['python_setup_py']
[0.201s] Level 1:colcon.colcon_core.package_identification:_identify(.) by extension 'python_setup_py'
[0.201s] Level 1:colcon.colcon_core.package_identification:_identify(build) by extensions ['ignore', 'ignore_ament_install']
[0.201s] Level 1:colcon.colcon_core.package_identification:_identify(build) by extension 'ignore'
[0.201s] Level 1:colcon.colcon_core.package_identification:_identify(build) ignored
[0.201s] Level 1:colcon.colcon_core.package_identification:_identify(install) by extensions ['ignore', 'ignore_ament_install']
[0.201s] Level 1:colcon.colcon_core.package_identification:_identify(install) by extension 'ignore'
[0.201s] Level 1:colcon.colcon_core.package_identification:_identify(install) ignored
[0.201s] Level 1:colcon.colcon_core.package_identification:_identify(log) by extensions ['ignore', 'ignore_ament_install']
[0.202s] Level 1:colcon.colcon_core.package_identification:_identify(log) by extension 'ignore'
[0.202s] Level 1:colcon.colcon_core.package_identification:_identify(log) ignored
[0.202s] Level 1:colcon.colcon_core.package_identification:_identify(src) by extensions ['ignore', 'ignore_ament_install']
[0.202s] Level 1:colcon.colcon_core.package_identification:_identify(src) by extension 'ignore'
[0.202s] Level 1:colcon.colcon_core.package_identification:_identify(src) by extension 'ignore_ament_install'
[0.202s] Level 1:colcon.colcon_core.package_identification:_identify(src) by extensions ['colcon_pkg']
[0.202s] Level 1:colcon.colcon_core.package_identification:_identify(src) by extension 'colcon_pkg'
[0.202s] Level 1:colcon.colcon_core.package_identification:_identify(src) by extensions ['colcon_meta']
[0.202s] Level 1:colcon.colcon_core.package_identification:_identify(src) by extension 'colcon_meta'
[0.202s] Level 1:colcon.colcon_core.package_identification:_identify(src) by extensions ['ros']
[0.202s] Level 1:colcon.colcon_core.package_identification:_identify(src) by extension 'ros'
[0.202s] Level 1:colcon.colcon_core.package_identification:_identify(src) by extensions ['cmake', 'python']
[0.202s] Level 1:colcon.colcon_core.package_identification:_identify(src) by extension 'cmake'
[0.202s] Level 1:colcon.colcon_core.package_identification:_identify(src) by extension 'python'
[0.202s] Level 1:colcon.colcon_core.package_identification:_identify(src) by extensions ['python_setup_py']
[0.202s] Level 1:colcon.colcon_core.package_identification:_identify(src) by extension 'python_setup_py'
[0.202s] Level 1:colcon.colcon_core.package_identification:_identify(src/nbv_planner) by extensions ['ignore', 'ignore_ament_install']
[0.202s] Level 1:colcon.colcon_core.package_identification:_identify(src/nbv_planner) by extension 'ignore'
[0.202s] Level 1:colcon.colcon_core.package_identification:_identify(src/nbv_planner) by extension 'ignore_ament_install'
[0.202s] Level 1:colcon.colcon_core.package_identification:_identify(src/nbv_planner) by extensions ['colcon_pkg']
[0.202s] Level 1:colcon.colcon_core.package_identification:_identify(src/nbv_planner) by extension 'colcon_pkg'
[0.202s] Level 1:colcon.colcon_core.package_identification:_identify(src/nbv_planner) by extensions ['colcon_meta']
[0.202s] Level 1:colcon.colcon_core.package_identification:_identify(src/nbv_planner) by extension 'colcon_meta'
[0.203s] Level 1:colcon.colcon_core.package_identification:_identify(src/nbv_planner) by extensions ['ros']
[0.203s] Level 1:colcon.colcon_core.package_identification:_identify(src/nbv_planner) by extension 'ros'
[0.207s] DEBUG:colcon.colcon_core.package_identification:Package 'src/nbv_planner' with type 'ros.ament_python' and name 'nbv_planner'
[0.207s] Level 1:colcon.colcon_core.package_identification:_identify(src/octomap_operations) by extensions ['ignore', 'ignore_ament_install']
[0.207s] Level 1:colcon.colcon_core.package_identification:_identify(src/octomap_operations) by extension 'ignore'
[0.207s] Level 1:colcon.colcon_core.package_identification:_identify(src/octomap_operations) by extension 'ignore_ament_install'
[0.207s] Level 1:colcon.colcon_core.package_identification:_identify(src/octomap_operations) by extensions ['colcon_pkg']
[0.207s] Level 1:colcon.colcon_core.package_identification:_identify(src/octomap_operations) by extension 'colcon_pkg'
[0.207s] Level 1:colcon.colcon_core.package_identification:_identify(src/octomap_operations) by extensions ['colcon_meta']
[0.207s] Level 1:colcon.colcon_core.package_identification:_identify(src/octomap_operations) by extension 'colcon_meta'
[0.207s] Level 1:colcon.colcon_core.package_identification:_identify(src/octomap_operations) by extensions ['ros']
[0.208s] Level 1:colcon.colcon_core.package_identification:_identify(src/octomap_operations) by extension 'ros'
[0.208s] DEBUG:colcon.colcon_core.package_identification:Package 'src/octomap_operations' with type 'ros.ament_cmake' and name 'octomap_operations'
[0.209s] Level 1:colcon.colcon_core.package_identification:_identify(src/octomap_operations_interfaces) by extensions ['ignore', 'ignore_ament_install']
[0.209s] Level 1:colcon.colcon_core.package_identification:_identify(src/octomap_operations_interfaces) by extension 'ignore'
[0.209s] Level 1:colcon.colcon_core.package_identification:_identify(src/octomap_operations_interfaces) by extension 'ignore_ament_install'
[0.209s] Level 1:colcon.colcon_core.package_identification:_identify(src/octomap_operations_interfaces) by extensions ['colcon_pkg']
[0.209s] Level 1:colcon.colcon_core.package_identification:_identify(src/octomap_operations_interfaces) by extension 'colcon_pkg'
[0.209s] Level 1:colcon.colcon_core.package_identification:_identify(src/octomap_operations_interfaces) by extensions ['colcon_meta']
[0.209s] Level 1:colcon.colcon_core.package_identification:_identify(src/octomap_operations_interfaces) by extension 'colcon_meta'
[0.209s] Level 1:colcon.colcon_core.package_identification:_identify(src/octomap_operations_interfaces) by extensions ['ros']
[0.209s] Level 1:colcon.colcon_core.package_identification:_identify(src/octomap_operations_interfaces) by extension 'ros'
[0.210s] DEBUG:colcon.colcon_core.package_identification:Package 'src/octomap_operations_interfaces' with type 'ros.ament_cmake' and name 'octomap_operations_interfaces'
[0.210s] Level 1:colcon.colcon_core.package_discovery:discover_packages(recursive) using defaults
[0.210s] Level 1:colcon.colcon_core.package_discovery:discover_packages(ignore) discover
[0.210s] Level 1:colcon.colcon_core.package_discovery:discover_packages(ignore) using defaults
[0.210s] Level 1:colcon.colcon_core.package_discovery:discover_packages(path) discover
[0.210s] Level 1:colcon.colcon_core.package_discovery:discover_packages(path) using defaults
[0.230s] Level 1:colcon.colcon_core.package_discovery:discover_packages(prefix_path) check parameters
[0.230s] Level 1:colcon.colcon_core.package_discovery:discover_packages(prefix_path) discover
[0.232s] DEBUG:colcon.colcon_installed_package_information.package_discovery:Found 400 installed packages in /opt/ros/jazzy
[0.234s] Level 1:colcon.colcon_core.package_discovery:discover_packages(prefix_path) using defaults
[0.291s] Level 5:colcon.colcon_core.verb:set package 'octomap_operations_interfaces' build argument 'cmake_args' from command line to 'None'
[0.291s] Level 5:colcon.colcon_core.verb:set package 'octomap_operations_interfaces' build argument 'cmake_target' from command line to 'None'
[0.291s] Level 5:colcon.colcon_core.verb:set package 'octomap_operations_interfaces' build argument 'cmake_target_skip_unavailable' from command line to 'False'
[0.292s] Level 5:colcon.colcon_core.verb:set package 'octomap_operations_interfaces' build argument 'cmake_clean_cache' from command line to 'False'
[0.292s] Level 5:colcon.colcon_core.verb:set package 'octomap_operations_interfaces' build argument 'cmake_clean_first' from command line to 'False'
[0.292s] Level 5:colcon.colcon_core.verb:set package 'octomap_operations_interfaces' build argument 'cmake_force_configure' from command line to 'False'
[0.292s] Level 5:colcon.colcon_core.verb:set package 'octomap_operations_interfaces' build argument 'ament_cmake_args' from command line to 'None'
[0.292s] Level 5:colcon.colcon_core.verb:set package 'octomap_operations_interfaces' build argument 'catkin_cmake_args' from command line to 'None'
[0.292s] Level 5:colcon.colcon_core.verb:set package 'octomap_operations_interfaces' build argument 'catkin_skip_building_tests' from command line to 'False'
[0.292s] DEBUG:colcon.colcon_core.verb:Building package 'octomap_operations_interfaces' with the following arguments: {'ament_cmake_args': None, 'build_base': '/home/laptop13/ros2_nbv_ws/build/octomap_operations_interfaces', 'catkin_cmake_args': None, 'catkin_skip_building_tests': False, 'cmake_args': None, 'cmake_clean_cache': False, 'cmake_clean_first': False, 'cmake_force_configure': False, 'cmake_target': None, 'cmake_target_skip_unavailable': False, 'install_base': '/home/laptop13/ros2_nbv_ws/install/octomap_operations_interfaces', 'merge_install': False, 'path': '/home/laptop13/ros2_nbv_ws/src/octomap_operations_interfaces', 'symlink_install': False, 'test_result_base': None}
[0.292s] Level 5:colcon.colcon_core.verb:set package 'nbv_planner' build argument 'cmake_args' from command line to 'None'
[0.292s] Level 5:colcon.colcon_core.verb:set package 'nbv_planner' build argument 'cmake_target' from command line to 'None'
[0.292s] Level 5:colcon.colcon_core.verb:set package 'nbv_planner' build argument 'cmake_target_skip_unavailable' from command line to 'False'
[0.292s] Level 5:colcon.colcon_core.verb:set package 'nbv_planner' build argument 'cmake_clean_cache' from command line to 'False'
[0.292s] Level 5:colcon.colcon_core.verb:set package 'nbv_planner' build argument 'cmake_clean_first' from command line to 'False'
[0.292s] Level 5:colcon.colcon_core.verb:set package 'nbv_planner' build argument 'cmake_force_configure' from command line to 'False'
[0.292s] Level 5:colcon.colcon_core.verb:set package 'nbv_planner' build argument 'ament_cmake_args' from command line to 'None'
[0.292s] Level 5:colcon.colcon_core.verb:set package 'nbv_planner' build argument 'catkin_cmake_args' from command line to 'None'
[0.292s] Level 5:colcon.colcon_core.verb:set package 'nbv_planner' build argument 'catkin_skip_building_tests' from command line to 'False'
[0.292s] DEBUG:colcon.colcon_core.verb:Building package 'nbv_planner' with the following arguments: {'ament_cmake_args': None, 'build_base': '/home/laptop13/ros2_nbv_ws/build/nbv_planner', 'catkin_cmake_args': None, 'catkin_skip_building_tests': False, 'cmake_args': None, 'cmake_clean_cache': False, 'cmake_clean_first': False, 'cmake_force_configure': False, 'cmake_target': None, 'cmake_target_skip_unavailable': False, 'install_base': '/home/laptop13/ros2_nbv_ws/install/nbv_planner', 'merge_install': False, 'path': '/home/laptop13/ros2_nbv_ws/src/nbv_planner', 'symlink_install': False, 'test_result_base': None}
[0.292s] Level 5:colcon.colcon_core.verb:set package 'octomap_operations' build argument 'cmake_args' from command line to 'None'
[0.292s] Level 5:colcon.colcon_core.verb:set package 'octomap_operations' build argument 'cmake_target' from command line to 'None'
[0.292s] Level 5:colcon.colcon_core.verb:set package 'octomap_operations' build argument 'cmake_target_skip_unavailable' from command line to 'False'
[0.292s] Level 5:colcon.colcon_core.verb:set package 'octomap_operations' build argument 'cmake_clean_cache' from command line to 'False'
[0.292s] Level 5:colcon.colcon_core.verb:set package 'octomap_operations' build argument 'cmake_clean_first' from command line to 'False'
[0.292s] Level 5:colcon.colcon_core.verb:set package 'octomap_operations' build argument 'cmake_force_configure' from command line to 'False'
[0.292s] Level 5:colcon.colcon_core.verb:set package 'octomap_operations' build argument 'ament_cmake_args' from command line to 'None'
[0.292s] Level 5:colcon.colcon_core.verb:set package 'octomap_operations' build argument 'catkin_cmake_args' from command line to 'None'
[0.292s] Level 5:colcon.colcon_core.verb:set package 'octomap_operations' build argument 'catkin_skip_building_tests' from command line to 'False'
[0.293s] DEBUG:colcon.colcon_core.verb:Building package 'octomap_operations' with the following arguments: {'ament_cmake_args': None, 'build_base': '/home/laptop13/ros2_nbv_ws/build/octomap_operations', 'catkin_cmake_args': None, 'catkin_skip_building_tests': False, 'cmake_args': None, 'cmake_clean_cache': False, 'cmake_clean_first': False, 'cmake_force_configure': False, 'cmake_target': None, 'cmake_target_skip_unavailable': False, 'install_base': '/home/laptop13/ros2_nbv_ws/install/octomap_operations', 'merge_install': False, 'path': '/home/laptop13/ros2_nbv_ws/src/octomap_operations', 'symlink_install': False, 'test_result_base': None}
[0.293s] INFO:colcon.colcon_core.executor:Executing jobs using 'parallel' executor
[0.295s] DEBUG:colcon.colcon_parallel_executor.executor.parallel:run_until_complete
[0.295s] INFO:colcon.colcon_ros.task.ament_cmake.build:Building ROS package in '/home/laptop13/ros2_nbv_ws/src/octomap_operations_interfaces' with build type 'ament_cmake'
[0.295s] INFO:colcon.colcon_cmake.task.cmake.build:Building CMake package in '/home/laptop13/ros2_nbv_ws/src/octomap_operations_interfaces'
[0.299s] INFO:colcon.colcon_core.plugin_system:Skipping extension 'colcon_core.shell.bat': Not used on non-Windows systems
[0.300s] INFO:colcon.colcon_core.shell:Skip shell extension 'powershell' for command environment: Not usable outside of PowerShell
[0.300s] DEBUG:colcon.colcon_core.shell:Skip shell extension 'dsv' for command environment
[0.313s] DEBUG:colcon.colcon_core.event_handler.log_command:Invoking command in '/home/laptop13/ros2_nbv_ws/build/octomap_operations_interfaces': CMAKE_PREFIX_PATH=${CMAKE_PREFIX_PATH}:/opt/ros/jazzy DEBUGINFOD_URLS=https://debuginfod.ubuntu.com /usr/bin/cmake /home/laptop13/ros2_nbv_ws/src/octomap_operations_interfaces -DCMAKE_INSTALL_PREFIX=/home/laptop13/ros2_nbv_ws/install/octomap_operations_interfaces
[6.067s] DEBUG:colcon.colcon_core.event_handler.log_command:Invoked command in '/home/laptop13/ros2_nbv_ws/build/octomap_operations_interfaces' returned '0': CMAKE_PREFIX_PATH=${CMAKE_PREFIX_PATH}:/opt/ros/jazzy DEBUGINFOD_URLS=https://debuginfod.ubuntu.com /usr/bin/cmake /home/laptop13/ros2_nbv_ws/src/octomap_operations_interfaces -DCMAKE_INSTALL_PREFIX=/home/laptop13/ros2_nbv_ws/install/octomap_operations_interfaces
[6.069s] DEBUG:colcon.colcon_core.event_handler.log_command:Invoking command in '/home/laptop13/ros2_nbv_ws/build/octomap_operations_interfaces': CMAKE_PREFIX_PATH=${CMAKE_PREFIX_PATH}:/opt/ros/jazzy DEBUGINFOD_URLS=https://debuginfod.ubuntu.com /usr/bin/cmake --build /home/laptop13/ros2_nbv_ws/build/octomap_operations_interfaces -- -j12 -l12
[14.924s] DEBUG:colcon.colcon_core.event_handler.log_command:Invoked command in '/home/laptop13/ros2_nbv_ws/build/octomap_operations_interfaces' returned '0': CMAKE_PREFIX_PATH=${CMAKE_PREFIX_PATH}:/opt/ros/jazzy DEBUGINFOD_URLS=https://debuginfod.ubuntu.com /usr/bin/cmake --build /home/laptop13/ros2_nbv_ws/build/octomap_operations_interfaces -- -j12 -l12
[14.945s] DEBUG:colcon.colcon_core.event_handler.log_command:Invoking command in '/home/laptop13/ros2_nbv_ws/build/octomap_operations_interfaces': CMAKE_PREFIX_PATH=${CMAKE_PREFIX_PATH}:/opt/ros/jazzy DEBUGINFOD_URLS=https://debuginfod.ubuntu.com /usr/bin/cmake --install /home/laptop13/ros2_nbv_ws/build/octomap_operations_interfaces
[15.101s] Level 1:colcon.colcon_core.environment:create_environment_scripts_only(octomap_operations_interfaces)
[15.101s] DEBUG:colcon.colcon_core.event_handler.log_command:Invoked command in '/home/laptop13/ros2_nbv_ws/build/octomap_operations_interfaces' returned '0': CMAKE_PREFIX_PATH=${CMAKE_PREFIX_PATH}:/opt/ros/jazzy DEBUGINFOD_URLS=https://debuginfod.ubuntu.com /usr/bin/cmake --install /home/laptop13/ros2_nbv_ws/build/octomap_operations_interfaces
[15.107s] Level 1:colcon.colcon_core.environment:checking '/home/laptop13/ros2_nbv_ws/install/octomap_operations_interfaces' for CMake module files
[15.108s] Level 1:colcon.colcon_core.environment:checking '/home/laptop13/ros2_nbv_ws/install/octomap_operations_interfaces' for CMake config files
[15.109s] Level 1:colcon.colcon_core.shell:create_environment_hook('octomap_operations_interfaces', 'cmake_prefix_path')
[15.110s] INFO:colcon.colcon_core.shell:Creating environment hook '/home/laptop13/ros2_nbv_ws/install/octomap_operations_interfaces/share/octomap_operations_interfaces/hook/cmake_prefix_path.ps1'
[15.111s] INFO:colcon.colcon_core.shell:Creating environment descriptor '/home/laptop13/ros2_nbv_ws/install/octomap_operations_interfaces/share/octomap_operations_interfaces/hook/cmake_prefix_path.dsv'
[15.111s] INFO:colcon.colcon_core.shell:Creating environment hook '/home/laptop13/ros2_nbv_ws/install/octomap_operations_interfaces/share/octomap_operations_interfaces/hook/cmake_prefix_path.sh'
[15.113s] Level 1:colcon.colcon_core.environment:checking '/home/laptop13/ros2_nbv_ws/install/octomap_operations_interfaces/lib'
[15.113s] Level 1:colcon.colcon_core.shell:create_environment_hook('octomap_operations_interfaces', 'ld_library_path_lib')
[15.113s] INFO:colcon.colcon_core.shell:Creating environment hook '/home/laptop13/ros2_nbv_ws/install/octomap_operations_interfaces/share/octomap_operations_interfaces/hook/ld_library_path_lib.ps1'
[15.114s] INFO:colcon.colcon_core.shell:Creating environment descriptor '/home/laptop13/ros2_nbv_ws/install/octomap_operations_interfaces/share/octomap_operations_interfaces/hook/ld_library_path_lib.dsv'
[15.114s] INFO:colcon.colcon_core.shell:Creating environment hook '/home/laptop13/ros2_nbv_ws/install/octomap_operations_interfaces/share/octomap_operations_interfaces/hook/ld_library_path_lib.sh'
[15.115s] Level 1:colcon.colcon_core.environment:checking '/home/laptop13/ros2_nbv_ws/install/octomap_operations_interfaces/bin'
[15.115s] Level 1:colcon.colcon_core.environment:checking '/home/laptop13/ros2_nbv_ws/install/octomap_operations_interfaces/lib/pkgconfig/octomap_operations_interfaces.pc'
[15.115s] Level 1:colcon.colcon_core.environment:checking '/home/laptop13/ros2_nbv_ws/install/octomap_operations_interfaces/lib/python3.12/site-packages'
[15.115s] Level 1:colcon.colcon_core.shell:create_environment_hook('octomap_operations_interfaces', 'pythonpath')
[15.115s] INFO:colcon.colcon_core.shell:Creating environment hook '/home/laptop13/ros2_nbv_ws/install/octomap_operations_interfaces/share/octomap_operations_interfaces/hook/pythonpath.ps1'
[15.116s] INFO:colcon.colcon_core.shell:Creating environment descriptor '/home/laptop13/ros2_nbv_ws/install/octomap_operations_interfaces/share/octomap_operations_interfaces/hook/pythonpath.dsv'
[15.117s] INFO:colcon.colcon_core.shell:Creating environment hook '/home/laptop13/ros2_nbv_ws/install/octomap_operations_interfaces/share/octomap_operations_interfaces/hook/pythonpath.sh'
[15.118s] Level 1:colcon.colcon_core.environment:checking '/home/laptop13/ros2_nbv_ws/install/octomap_operations_interfaces/bin'
[15.119s] INFO:colcon.colcon_core.shell:Creating package script '/home/laptop13/ros2_nbv_ws/install/octomap_operations_interfaces/share/octomap_operations_interfaces/package.ps1'
[15.121s] INFO:colcon.colcon_core.shell:Creating package descriptor '/home/laptop13/ros2_nbv_ws/install/octomap_operations_interfaces/share/octomap_operations_interfaces/package.dsv'
[15.122s] INFO:colcon.colcon_core.shell:Creating package script '/home/laptop13/ros2_nbv_ws/install/octomap_operations_interfaces/share/octomap_operations_interfaces/package.sh'
[15.124s] INFO:colcon.colcon_core.shell:Creating package script '/home/laptop13/ros2_nbv_ws/install/octomap_operations_interfaces/share/octomap_operations_interfaces/package.bash'
[15.126s] INFO:colcon.colcon_core.shell:Creating package script '/home/laptop13/ros2_nbv_ws/install/octomap_operations_interfaces/share/octomap_operations_interfaces/package.zsh'
[15.127s] Level 1:colcon.colcon_core.environment:create_file_with_runtime_dependencies(/home/laptop13/ros2_nbv_ws/install/octomap_operations_interfaces/share/colcon-core/packages/octomap_operations_interfaces)
[15.129s] Level 1:colcon.colcon_core.environment:create_environment_scripts_only(octomap_operations_interfaces)
[15.129s] Level 1:colcon.colcon_core.environment:checking '/home/laptop13/ros2_nbv_ws/install/octomap_operations_interfaces' for CMake module files
[15.131s] Level 1:colcon.colcon_core.environment:checking '/home/laptop13/ros2_nbv_ws/install/octomap_operations_interfaces' for CMake config files
[15.131s] Level 1:colcon.colcon_core.shell:create_environment_hook('octomap_operations_interfaces', 'cmake_prefix_path')
[15.131s] INFO:colcon.colcon_core.shell:Creating environment hook '/home/laptop13/ros2_nbv_ws/install/octomap_operations_interfaces/share/octomap_operations_interfaces/hook/cmake_prefix_path.ps1'
[15.132s] INFO:colcon.colcon_core.shell:Creating environment descriptor '/home/laptop13/ros2_nbv_ws/install/octomap_operations_interfaces/share/octomap_operations_interfaces/hook/cmake_prefix_path.dsv'
[15.133s] INFO:colcon.colcon_core.shell:Creating environment hook '/home/laptop13/ros2_nbv_ws/install/octomap_operations_interfaces/share/octomap_operations_interfaces/hook/cmake_prefix_path.sh'
[15.134s] Level 1:colcon.colcon_core.environment:checking '/home/laptop13/ros2_nbv_ws/install/octomap_operations_interfaces/lib'
[15.134s] Level 1:colcon.colcon_core.shell:create_environment_hook('octomap_operations_interfaces', 'ld_library_path_lib')
[15.134s] INFO:colcon.colcon_core.shell:Creating environment hook '/home/laptop13/ros2_nbv_ws/install/octomap_operations_interfaces/share/octomap_operations_interfaces/hook/ld_library_path_lib.ps1'
[15.135s] INFO:colcon.colcon_core.shell:Creating environment descriptor '/home/laptop13/ros2_nbv_ws/install/octomap_operations_interfaces/share/octomap_operations_interfaces/hook/ld_library_path_lib.dsv'
[15.136s] INFO:colcon.colcon_core.shell:Creating environment hook '/home/laptop13/ros2_nbv_ws/install/octomap_operations_interfaces/share/octomap_operations_interfaces/hook/ld_library_path_lib.sh'
[15.136s] Level 1:colcon.colcon_core.environment:checking '/home/laptop13/ros2_nbv_ws/install/octomap_operations_interfaces/bin'
[15.137s] Level 1:colcon.colcon_core.environment:checking '/home/laptop13/ros2_nbv_ws/install/octomap_operations_interfaces/lib/pkgconfig/octomap_operations_interfaces.pc'
[15.137s] Level 1:colcon.colcon_core.environment:checking '/home/laptop13/ros2_nbv_ws/install/octomap_operations_interfaces/lib/python3.12/site-packages'
[15.137s] Level 1:colcon.colcon_core.shell:create_environment_hook('octomap_operations_interfaces', 'pythonpath')
[15.137s] INFO:colcon.colcon_core.shell:Creating environment hook '/home/laptop13/ros2_nbv_ws/install/octomap_operations_interfaces/share/octomap_operations_interfaces/hook/pythonpath.ps1'
[15.138s] INFO:colcon.colcon_core.shell:Creating environment descriptor '/home/laptop13/ros2_nbv_ws/install/octomap_operations_interfaces/share/octomap_operations_interfaces/hook/pythonpath.dsv'
[15.138s] INFO:colcon.colcon_core.shell:Creating environment hook '/home/laptop13/ros2_nbv_ws/install/octomap_operations_interfaces/share/octomap_operations_interfaces/hook/pythonpath.sh'
[15.140s] Level 1:colcon.colcon_core.environment:checking '/home/laptop13/ros2_nbv_ws/install/octomap_operations_interfaces/bin'
[15.140s] INFO:colcon.colcon_core.shell:Creating package script '/home/laptop13/ros2_nbv_ws/install/octomap_operations_interfaces/share/octomap_operations_interfaces/package.ps1'
[15.141s] INFO:colcon.colcon_core.shell:Creating package descriptor '/home/laptop13/ros2_nbv_ws/install/octomap_operations_interfaces/share/octomap_operations_interfaces/package.dsv'
[15.142s] INFO:colcon.colcon_core.shell:Creating package script '/home/laptop13/ros2_nbv_ws/install/octomap_operations_interfaces/share/octomap_operations_interfaces/package.sh'
[15.144s] INFO:colcon.colcon_core.shell:Creating package script '/home/laptop13/ros2_nbv_ws/install/octomap_operations_interfaces/share/octomap_operations_interfaces/package.bash'
[15.145s] INFO:colcon.colcon_core.shell:Creating package script '/home/laptop13/ros2_nbv_ws/install/octomap_operations_interfaces/share/octomap_operations_interfaces/package.zsh'
[15.145s] Level 1:colcon.colcon_core.environment:create_file_with_runtime_dependencies(/home/laptop13/ros2_nbv_ws/install/octomap_operations_interfaces/share/colcon-core/packages/octomap_operations_interfaces)
[15.146s] INFO:colcon.colcon_ros.task.ament_python.build:Building ROS package in '/home/laptop13/ros2_nbv_ws/src/nbv_planner' with build type 'ament_python'
[15.146s] Level 1:colcon.colcon_core.shell:create_environment_hook('nbv_planner', 'ament_prefix_path')
[15.146s] INFO:colcon.colcon_core.shell:Creating environment hook '/home/laptop13/ros2_nbv_ws/install/nbv_planner/share/nbv_planner/hook/ament_prefix_path.ps1'
[15.148s] INFO:colcon.colcon_core.shell:Creating environment descriptor '/home/laptop13/ros2_nbv_ws/install/nbv_planner/share/nbv_planner/hook/ament_prefix_path.dsv'
[15.148s] INFO:colcon.colcon_core.shell:Creating environment hook '/home/laptop13/ros2_nbv_ws/install/nbv_planner/share/nbv_planner/hook/ament_prefix_path.sh'
[15.149s] INFO:colcon.colcon_core.shell:Skip shell extension 'powershell' for command environment: Not usable outside of PowerShell
[15.149s] DEBUG:colcon.colcon_core.shell:Skip shell extension 'dsv' for command environment
[15.156s] INFO:colcon.colcon_ros.task.ament_cmake.build:Building ROS package in '/home/laptop13/ros2_nbv_ws/src/octomap_operations' with build type 'ament_cmake'
[15.156s] INFO:colcon.colcon_cmake.task.cmake.build:Building CMake package in '/home/laptop13/ros2_nbv_ws/src/octomap_operations'
[15.156s] INFO:colcon.colcon_core.shell:Skip shell extension 'powershell' for command environment: Not usable outside of PowerShell
[15.156s] DEBUG:colcon.colcon_core.shell:Skip shell extension 'dsv' for command environment
[15.500s] INFO:colcon.colcon_core.task.python.build:Building Python package in '/home/laptop13/ros2_nbv_ws/src/nbv_planner'
[15.500s] INFO:colcon.colcon_core.shell:Skip shell extension 'powershell' for command environment: Not usable outside of PowerShell
[15.500s] DEBUG:colcon.colcon_core.shell:Skip shell extension 'dsv' for command environment
[15.510s] DEBUG:colcon.colcon_core.event_handler.log_command:Invoking command in '/home/laptop13/ros2_nbv_ws/build/octomap_operations': AMENT_PREFIX_PATH=/home/laptop13/ros2_nbv_ws/install/octomap_operations_interfaces:${AMENT_PREFIX_PATH} CMAKE_PREFIX_PATH=/home/laptop13/ros2_nbv_ws/install/octomap_operations_interfaces:/opt/ros/jazzy/opt/gz_sim_vendor:/opt/ros/jazzy/opt/gz_sensors_vendor:/opt/ros/jazzy/opt/gz_physics_vendor:/opt/ros/jazzy/opt/sdformat_vendor:/opt/ros/jazzy/opt/gz_gui_vendor:/opt/ros/jazzy/opt/gz_transport_vendor:/opt/ros/jazzy/opt/gz_rendering_vendor:/opt/ros/jazzy/opt/gz_plugin_vendor:/opt/ros/jazzy/opt/gz_fuel_tools_vendor:/opt/ros/jazzy/opt/gz_msgs_vendor:/opt/ros/jazzy/opt/gz_common_vendor:/opt/ros/jazzy/opt/gz_math_vendor:/opt/ros/jazzy/opt/gz_utils_vendor:/opt/ros/jazzy/opt/gz_tools_vendor:/opt/ros/jazzy/opt/gz_ogre_next_vendor:/opt/ros/jazzy/opt/gz_dartsim_vendor:/opt/ros/jazzy/opt/gz_cmake_vendor:/home/laptop13/Downloads/CoppeliaSim_Edu_V4_10_0_rev0_Ubuntu24_04:/opt/ros/jazzy DEBUGINFOD_URLS=https://debuginfod.ubuntu.com LD_LIBRARY_PATH=/home/laptop13/ros2_nbv_ws/install/octomap_operations_interfaces/lib:${LD_LIBRARY_PATH} PYTHONPATH=/home/laptop13/ros2_nbv_ws/install/octomap_operations_interfaces/lib/python3.12/site-packages:${PYTHONPATH} /usr/bin/cmake /home/laptop13/ros2_nbv_ws/src/octomap_operations -DCMAKE_INSTALL_PREFIX=/home/laptop13/ros2_nbv_ws/install/octomap_operations
[16.833s] DEBUG:colcon.colcon_core.event_handler.log_command:Invoking command in '/home/laptop13/ros2_nbv_ws/src/nbv_planner': AMENT_PREFIX_PATH=/home/laptop13/ros2_nbv_ws/install/octomap_operations_interfaces:${AMENT_PREFIX_PATH} CMAKE_PREFIX_PATH=/home/laptop13/ros2_nbv_ws/install/octomap_operations_interfaces:${CMAKE_PREFIX_PATH} DEBUGINFOD_URLS=https://debuginfod.ubuntu.com LD_LIBRARY_PATH=/home/laptop13/ros2_nbv_ws/install/octomap_operations_interfaces/lib:${LD_LIBRARY_PATH} PYTHONPATH=/home/laptop13/ros2_nbv_ws/build/nbv_planner/prefix_override:/usr/lib/python3/dist-packages/colcon_core/task/python/colcon_distutils_commands:/home/laptop13/ros2_nbv_ws/install/nbv_planner/lib/python3.12/site-packages:/home/laptop13/ros2_nbv_ws/install/octomap_operations_interfaces/lib/python3.12/site-packages:${PYTHONPATH} /usr/bin/python3 -W ignore:setup.py install is deprecated -W ignore:easy_install command is deprecated setup.py egg_info --egg-base ../../build/nbv_planner build --build-base /home/laptop13/ros2_nbv_ws/build/nbv_planner/build install --record /home/laptop13/ros2_nbv_ws/build/nbv_planner/install.log --single-version-externally-managed install_data
[17.795s] Level 1:colcon.colcon_core.environment:checking '/home/laptop13/ros2_nbv_ws/install/nbv_planner' for CMake module files
[17.796s] DEBUG:colcon.colcon_core.event_handler.log_command:Invoked command in '/home/laptop13/ros2_nbv_ws/src/nbv_planner' returned '0': AMENT_PREFIX_PATH=/home/laptop13/ros2_nbv_ws/install/octomap_operations_interfaces:${AMENT_PREFIX_PATH} CMAKE_PREFIX_PATH=/home/laptop13/ros2_nbv_ws/install/octomap_operations_interfaces:${CMAKE_PREFIX_PATH} DEBUGINFOD_URLS=https://debuginfod.ubuntu.com LD_LIBRARY_PATH=/home/laptop13/ros2_nbv_ws/install/octomap_operations_interfaces/lib:${LD_LIBRARY_PATH} PYTHONPATH=/home/laptop13/ros2_nbv_ws/build/nbv_planner/prefix_override:/usr/lib/python3/dist-packages/colcon_core/task/python/colcon_distutils_commands:/home/laptop13/ros2_nbv_ws/install/nbv_planner/lib/python3.12/site-packages:/home/laptop13/ros2_nbv_ws/install/octomap_operations_interfaces/lib/python3.12/site-packages:${PYTHONPATH} /usr/bin/python3 -W ignore:setup.py install is deprecated -W ignore:easy_install command is deprecated setup.py egg_info --egg-base ../../build/nbv_planner build --build-base /home/laptop13/ros2_nbv_ws/build/nbv_planner/build install --record /home/laptop13/ros2_nbv_ws/build/nbv_planner/install.log --single-version-externally-managed install_data
[17.797s] Level 1:colcon.colcon_core.environment:checking '/home/laptop13/ros2_nbv_ws/install/nbv_planner' for CMake config files
[17.797s] Level 1:colcon.colcon_core.environment:checking '/home/laptop13/ros2_nbv_ws/install/nbv_planner/lib'
[17.797s] Level 1:colcon.colcon_core.environment:checking '/home/laptop13/ros2_nbv_ws/install/nbv_planner/bin'
[17.798s] Level 1:colcon.colcon_core.environment:checking '/home/laptop13/ros2_nbv_ws/install/nbv_planner/lib/pkgconfig/nbv_planner.pc'
[17.798s] Level 1:colcon.colcon_core.environment:checking '/home/laptop13/ros2_nbv_ws/install/nbv_planner/lib/python3.12/site-packages'
[17.798s] Level 1:colcon.colcon_core.shell:create_environment_hook('nbv_planner', 'pythonpath')
[17.798s] INFO:colcon.colcon_core.shell:Creating environment hook '/home/laptop13/ros2_nbv_ws/install/nbv_planner/share/nbv_planner/hook/pythonpath.ps1'
[17.799s] INFO:colcon.colcon_core.shell:Creating environment descriptor '/home/laptop13/ros2_nbv_ws/install/nbv_planner/share/nbv_planner/hook/pythonpath.dsv'
[17.800s] INFO:colcon.colcon_core.shell:Creating environment hook '/home/laptop13/ros2_nbv_ws/install/nbv_planner/share/nbv_planner/hook/pythonpath.sh'
[17.802s] Level 1:colcon.colcon_core.environment:checking '/home/laptop13/ros2_nbv_ws/install/nbv_planner/bin'
[17.802s] Level 1:colcon.colcon_core.environment:create_environment_scripts_only(nbv_planner)
[17.803s] INFO:colcon.colcon_core.shell:Creating package script '/home/laptop13/ros2_nbv_ws/install/nbv_planner/share/nbv_planner/package.ps1'
[17.805s] INFO:colcon.colcon_core.shell:Creating package descriptor '/home/laptop13/ros2_nbv_ws/install/nbv_planner/share/nbv_planner/package.dsv'
[17.807s] INFO:colcon.colcon_core.shell:Creating package script '/home/laptop13/ros2_nbv_ws/install/nbv_planner/share/nbv_planner/package.sh'
[17.808s] INFO:colcon.colcon_core.shell:Creating package script '/home/laptop13/ros2_nbv_ws/install/nbv_planner/share/nbv_planner/package.bash'
[17.809s] INFO:colcon.colcon_core.shell:Creating package script '/home/laptop13/ros2_nbv_ws/install/nbv_planner/share/nbv_planner/package.zsh'
[17.810s] Level 1:colcon.colcon_core.environment:create_file_with_runtime_dependencies(/home/laptop13/ros2_nbv_ws/install/nbv_planner/share/colcon-core/packages/nbv_planner)
[18.133s] DEBUG:colcon.colcon_core.event_handler.log_command:Invoked command in '/home/laptop13/ros2_nbv_ws/build/octomap_operations' returned '0': AMENT_PREFIX_PATH=/home/laptop13/ros2_nbv_ws/install/octomap_operations_interfaces:${AMENT_PREFIX_PATH} CMAKE_PREFIX_PATH=/home/laptop13/ros2_nbv_ws/install/octomap_operations_interfaces:/opt/ros/jazzy/opt/gz_sim_vendor:/opt/ros/jazzy/opt/gz_sensors_vendor:/opt/ros/jazzy/opt/gz_physics_vendor:/opt/ros/jazzy/opt/sdformat_vendor:/opt/ros/jazzy/opt/gz_gui_vendor:/opt/ros/jazzy/opt/gz_transport_vendor:/opt/ros/jazzy/opt/gz_rendering_vendor:/opt/ros/jazzy/opt/gz_plugin_vendor:/opt/ros/jazzy/opt/gz_fuel_tools_vendor:/opt/ros/jazzy/opt/gz_msgs_vendor:/opt/ros/jazzy/opt/gz_common_vendor:/opt/ros/jazzy/opt/gz_math_vendor:/opt/ros/jazzy/opt/gz_utils_vendor:/opt/ros/jazzy/opt/gz_tools_vendor:/opt/ros/jazzy/opt/gz_ogre_next_vendor:/opt/ros/jazzy/opt/gz_dartsim_vendor:/opt/ros/jazzy/opt/gz_cmake_vendor:/home/laptop13/Downloads/CoppeliaSim_Edu_V4_10_0_rev0_Ubuntu24_04:/opt/ros/jazzy DEBUGINFOD_URLS=https://debuginfod.ubuntu.com LD_LIBRARY_PATH=/home/laptop13/ros2_nbv_ws/install/octomap_operations_interfaces/lib:${LD_LIBRARY_PATH} PYTHONPATH=/home/laptop13/ros2_nbv_ws/install/octomap_operations_interfaces/lib/python3.12/site-packages:${PYTHONPATH} /usr/bin/cmake /home/laptop13/ros2_nbv_ws/src/octomap_operations -DCMAKE_INSTALL_PREFIX=/home/laptop13/ros2_nbv_ws/install/octomap_operations
[18.134s] DEBUG:colcon.colcon_core.event_handler.log_command:Invoking command in '/home/laptop13/ros2_nbv_ws/build/octomap_operations': AMENT_PREFIX_PATH=/home/laptop13/ros2_nbv_ws/install/octomap_operations_interfaces:${AMENT_PREFIX_PATH} CMAKE_PREFIX_PATH=/home/laptop13/ros2_nbv_ws/install/octomap_operations_interfaces:/opt/ros/jazzy/opt/gz_sim_vendor:/opt/ros/jazzy/opt/gz_sensors_vendor:/opt/ros/jazzy/opt/gz_physics_vendor:/opt/ros/jazzy/opt/sdformat_vendor:/opt/ros/jazzy/opt/gz_gui_vendor:/opt/ros/jazzy/opt/gz_transport_vendor:/opt/ros/jazzy/opt/gz_rendering_vendor:/opt/ros/jazzy/opt/gz_plugin_vendor:/opt/ros/jazzy/opt/gz_fuel_tools_vendor:/opt/ros/jazzy/opt/gz_msgs_vendor:/opt/ros/jazzy/opt/gz_common_vendor:/opt/ros/jazzy/opt/gz_math_vendor:/opt/ros/jazzy/opt/gz_utils_vendor:/opt/ros/jazzy/opt/gz_tools_vendor:/opt/ros/jazzy/opt/gz_ogre_next_vendor:/opt/ros/jazzy/opt/gz_dartsim_vendor:/opt/ros/jazzy/opt/gz_cmake_vendor:/home/laptop13/Downloads/CoppeliaSim_Edu_V4_10_0_rev0_Ubuntu24_04:/opt/ros/jazzy DEBUGINFOD_URLS=https://debuginfod.ubuntu.com LD_LIBRARY_PATH=/home/laptop13/ros2_nbv_ws/install/octomap_operations_interfaces/lib:${LD_LIBRARY_PATH} PYTHONPATH=/home/laptop13/ros2_nbv_ws/install/octomap_operations_interfaces/lib/python3.12/site-packages:${PYTHONPATH} /usr/bin/cmake --build /home/laptop13/ros2_nbv_ws/build/octomap_operations -- -j12 -l12
[43.034s] DEBUG:colcon.colcon_core.event_handler.log_command:Invoked command in '/home/laptop13/ros2_nbv_ws/build/octomap_operations' returned '0': AMENT_PREFIX_PATH=/home/laptop13/ros2_nbv_ws/install/octomap_operations_interfaces:${AMENT_PREFIX_PATH} CMAKE_PREFIX_PATH=/home/laptop13/ros2_nbv_ws/install/octomap_operations_interfaces:/opt/ros/jazzy/opt/gz_sim_vendor:/opt/ros/jazzy/opt/gz_sensors_vendor:/opt/ros/jazzy/opt/gz_physics_vendor:/opt/ros/jazzy/opt/sdformat_vendor:/opt/ros/jazzy/opt/gz_gui_vendor:/opt/ros/jazzy/opt/gz_transport_vendor:/opt/ros/jazzy/opt/gz_rendering_vendor:/opt/ros/jazzy/opt/gz_plugin_vendor:/opt/ros/jazzy/opt/gz_fuel_tools_vendor:/opt/ros/jazzy/opt/gz_msgs_vendor:/opt/ros/jazzy/opt/gz_common_vendor:/opt/ros/jazzy/opt/gz_math_vendor:/opt/ros/jazzy/opt/gz_utils_vendor:/opt/ros/jazzy/opt/gz_tools_vendor:/opt/ros/jazzy/opt/gz_ogre_next_vendor:/opt/ros/jazzy/opt/gz_dartsim_vendor:/opt/ros/jazzy/opt/gz_cmake_vendor:/home/laptop13/Downloads/CoppeliaSim_Edu_V4_10_0_rev0_Ubuntu24_04:/opt/ros/jazzy DEBUGINFOD_URLS=https://debuginfod.ubuntu.com LD_LIBRARY_PATH=/home/laptop13/ros2_nbv_ws/install/octomap_operations_interfaces/lib:${LD_LIBRARY_PATH} PYTHONPATH=/home/laptop13/ros2_nbv_ws/install/octomap_operations_interfaces/lib/python3.12/site-packages:${PYTHONPATH} /usr/bin/cmake --build /home/laptop13/ros2_nbv_ws/build/octomap_operations -- -j12 -l12
[43.036s] DEBUG:colcon.colcon_core.event_handler.log_command:Invoking command in '/home/laptop13/ros2_nbv_ws/build/octomap_operations': AMENT_PREFIX_PATH=/home/laptop13/ros2_nbv_ws/install/octomap_operations_interfaces:${AMENT_PREFIX_PATH} CMAKE_PREFIX_PATH=/home/laptop13/ros2_nbv_ws/install/octomap_operations_interfaces:/opt/ros/jazzy/opt/gz_sim_vendor:/opt/ros/jazzy/opt/gz_sensors_vendor:/opt/ros/jazzy/opt/gz_physics_vendor:/opt/ros/jazzy/opt/sdformat_vendor:/opt/ros/jazzy/opt/gz_gui_vendor:/opt/ros/jazzy/opt/gz_transport_vendor:/opt/ros/jazzy/opt/gz_rendering_vendor:/opt/ros/jazzy/opt/gz_plugin_vendor:/opt/ros/jazzy/opt/gz_fuel_tools_vendor:/opt/ros/jazzy/opt/gz_msgs_vendor:/opt/ros/jazzy/opt/gz_common_vendor:/opt/ros/jazzy/opt/gz_math_vendor:/opt/ros/jazzy/opt/gz_utils_vendor:/opt/ros/jazzy/opt/gz_tools_vendor:/opt/ros/jazzy/opt/gz_ogre_next_vendor:/opt/ros/jazzy/opt/gz_dartsim_vendor:/opt/ros/jazzy/opt/gz_cmake_vendor:/home/laptop13/Downloads/CoppeliaSim_Edu_V4_10_0_rev0_Ubuntu24_04:/opt/ros/jazzy DEBUGINFOD_URLS=https://debuginfod.ubuntu.com LD_LIBRARY_PATH=/home/laptop13/ros2_nbv_ws/install/octomap_operations_interfaces/lib:${LD_LIBRARY_PATH} PYTHONPATH=/home/laptop13/ros2_nbv_ws/install/octomap_operations_interfaces/lib/python3.12/site-packages:${PYTHONPATH} /usr/bin/cmake --install /home/laptop13/ros2_nbv_ws/build/octomap_operations
[43.061s] Level 1:colcon.colcon_core.environment:create_environment_scripts_only(octomap_operations)
[43.062s] Level 1:colcon.colcon_core.environment:checking '/home/laptop13/ros2_nbv_ws/install/octomap_operations' for CMake module files
[43.063s] DEBUG:colcon.colcon_core.event_handler.log_command:Invoked command in '/home/laptop13/ros2_nbv_ws/build/octomap_operations' returned '0': AMENT_PREFIX_PATH=/home/laptop13/ros2_nbv_ws/install/octomap_operations_interfaces:${AMENT_PREFIX_PATH} CMAKE_PREFIX_PATH=/home/laptop13/ros2_nbv_ws/install/octomap_operations_interfaces:/opt/ros/jazzy/opt/gz_sim_vendor:/opt/ros/jazzy/opt/gz_sensors_vendor:/opt/ros/jazzy/opt/gz_physics_vendor:/opt/ros/jazzy/opt/sdformat_vendor:/opt/ros/jazzy/opt/gz_gui_vendor:/opt/ros/jazzy/opt/gz_transport_vendor:/opt/ros/jazzy/opt/gz_rendering_vendor:/opt/ros/jazzy/opt/gz_plugin_vendor:/opt/ros/jazzy/opt/gz_fuel_tools_vendor:/opt/ros/jazzy/opt/gz_msgs_vendor:/opt/ros/jazzy/opt/gz_common_vendor:/opt/ros/jazzy/opt/gz_math_vendor:/opt/ros/jazzy/opt/gz_utils_vendor:/opt/ros/jazzy/opt/gz_tools_vendor:/opt/ros/jazzy/opt/gz_ogre_next_vendor:/opt/ros/jazzy/opt/gz_dartsim_vendor:/opt/ros/jazzy/opt/gz_cmake_vendor:/home/laptop13/Downloads/CoppeliaSim_Edu_V4_10_0_rev0_Ubuntu24_04:/opt/ros/jazzy DEBUGINFOD_URLS=https://debuginfod.ubuntu.com LD_LIBRARY_PATH=/home/laptop13/ros2_nbv_ws/install/octomap_operations_interfaces/lib:${LD_LIBRARY_PATH} PYTHONPATH=/home/laptop13/ros2_nbv_ws/install/octomap_operations_interfaces/lib/python3.12/site-packages:${PYTHONPATH} /usr/bin/cmake --install /home/laptop13/ros2_nbv_ws/build/octomap_operations
[43.064s] Level 1:colcon.colcon_core.environment:checking '/home/laptop13/ros2_nbv_ws/install/octomap_operations' for CMake config files
[43.065s] Level 1:colcon.colcon_core.shell:create_environment_hook('octomap_operations', 'cmake_prefix_path')
[43.065s] INFO:colcon.colcon_core.shell:Creating environment hook '/home/laptop13/ros2_nbv_ws/install/octomap_operations/share/octomap_operations/hook/cmake_prefix_path.ps1'
[43.065s] INFO:colcon.colcon_core.shell:Creating environment descriptor '/home/laptop13/ros2_nbv_ws/install/octomap_operations/share/octomap_operations/hook/cmake_prefix_path.dsv'
[43.066s] INFO:colcon.colcon_core.shell:Creating environment hook '/home/laptop13/ros2_nbv_ws/install/octomap_operations/share/octomap_operations/hook/cmake_prefix_path.sh'
[43.066s] Level 1:colcon.colcon_core.environment:checking '/home/laptop13/ros2_nbv_ws/install/octomap_operations/lib'
[43.066s] Level 1:colcon.colcon_core.environment:checking '/home/laptop13/ros2_nbv_ws/install/octomap_operations/bin'
[43.066s] Level 1:colcon.colcon_core.environment:checking '/home/laptop13/ros2_nbv_ws/install/octomap_operations/lib/pkgconfig/octomap_operations.pc'
[43.067s] Level 1:colcon.colcon_core.environment:checking '/home/laptop13/ros2_nbv_ws/install/octomap_operations/lib/python3.12/site-packages'
[43.067s] Level 1:colcon.colcon_core.environment:checking '/home/laptop13/ros2_nbv_ws/install/octomap_operations/bin'
[43.067s] INFO:colcon.colcon_core.shell:Creating package script '/home/laptop13/ros2_nbv_ws/install/octomap_operations/share/octomap_operations/package.ps1'
[43.067s] INFO:colcon.colcon_core.shell:Creating package descriptor '/home/laptop13/ros2_nbv_ws/install/octomap_operations/share/octomap_operations/package.dsv'
[43.068s] INFO:colcon.colcon_core.shell:Creating package script '/home/laptop13/ros2_nbv_ws/install/octomap_operations/share/octomap_operations/package.sh'
[43.068s] INFO:colcon.colcon_core.shell:Creating package script '/home/laptop13/ros2_nbv_ws/install/octomap_operations/share/octomap_operations/package.bash'
[43.068s] INFO:colcon.colcon_core.shell:Creating package script '/home/laptop13/ros2_nbv_ws/install/octomap_operations/share/octomap_operations/package.zsh'
[43.069s] Level 1:colcon.colcon_core.environment:create_file_with_runtime_dependencies(/home/laptop13/ros2_nbv_ws/install/octomap_operations/share/colcon-core/packages/octomap_operations)
[43.069s] Level 1:colcon.colcon_core.environment:create_environment_scripts_only(octomap_operations)
[43.069s] Level 1:colcon.colcon_core.environment:checking '/home/laptop13/ros2_nbv_ws/install/octomap_operations' for CMake module files
[43.069s] Level 1:colcon.colcon_core.environment:checking '/home/laptop13/ros2_nbv_ws/install/octomap_operations' for CMake config files
[43.070s] Level 1:colcon.colcon_core.shell:create_environment_hook('octomap_operations', 'cmake_prefix_path')
[43.070s] INFO:colcon.colcon_core.shell:Creating environment hook '/home/laptop13/ros2_nbv_ws/install/octomap_operations/share/octomap_operations/hook/cmake_prefix_path.ps1'
[43.070s] INFO:colcon.colcon_core.shell:Creating environment descriptor '/home/laptop13/ros2_nbv_ws/install/octomap_operations/share/octomap_operations/hook/cmake_prefix_path.dsv'
[43.070s] INFO:colcon.colcon_core.shell:Creating environment hook '/home/laptop13/ros2_nbv_ws/install/octomap_operations/share/octomap_operations/hook/cmake_prefix_path.sh'
[43.071s] Level 1:colcon.colcon_core.environment:checking '/home/laptop13/ros2_nbv_ws/install/octomap_operations/lib'
[43.071s] Level 1:colcon.colcon_core.environment:checking '/home/laptop13/ros2_nbv_ws/install/octomap_operations/bin'
[43.071s] Level 1:colcon.colcon_core.environment:checking '/home/laptop13/ros2_nbv_ws/install/octomap_operations/lib/pkgconfig/octomap_operations.pc'
[43.071s] Level 1:colcon.colcon_core.environment:checking '/home/laptop13/ros2_nbv_ws/install/octomap_operations/lib/python3.12/site-packages'
[43.071s] Level 1:colcon.colcon_core.environment:checking '/home/laptop13/ros2_nbv_ws/install/octomap_operations/bin'
[43.072s] INFO:colcon.colcon_core.shell:Creating package script '/home/laptop13/ros2_nbv_ws/install/octomap_operations/share/octomap_operations/package.ps1'
[43.072s] INFO:colcon.colcon_core.shell:Creating package descriptor '/home/laptop13/ros2_nbv_ws/install/octomap_operations/share/octomap_operations/package.dsv'
[43.072s] INFO:colcon.colcon_core.shell:Creating package script '/home/laptop13/ros2_nbv_ws/install/octomap_operations/share/octomap_operations/package.sh'
[43.073s] INFO:colcon.colcon_core.shell:Creating package script '/home/laptop13/ros2_nbv_ws/install/octomap_operations/share/octomap_operations/package.bash'
[43.073s] INFO:colcon.colcon_core.shell:Creating package script '/home/laptop13/ros2_nbv_ws/install/octomap_operations/share/octomap_operations/package.zsh'
[43.073s] Level 1:colcon.colcon_core.environment:create_file_with_runtime_dependencies(/home/laptop13/ros2_nbv_ws/install/octomap_operations/share/colcon-core/packages/octomap_operations)
[43.074s] DEBUG:colcon.colcon_parallel_executor.executor.parallel:closing loop
[43.074s] DEBUG:colcon.colcon_parallel_executor.executor.parallel:loop closed
[43.074s] DEBUG:colcon.colcon_parallel_executor.executor.parallel:run_until_complete finished with '0'
[43.074s] DEBUG:colcon.colcon_core.event_reactor:joining thread
[43.087s] INFO:colcon.colcon_core.plugin_system:Skipping extension 'colcon_notification.desktop_notification.terminal_notifier': Not used on non-Darwin systems
[43.087s] INFO:colcon.colcon_core.plugin_system:Skipping extension 'colcon_notification.desktop_notification.win32': Not used on non-Windows systems
[43.087s] INFO:colcon.colcon_notification.desktop_notification:Sending desktop notification using 'notify2'
[43.107s] DEBUG:colcon.colcon_core.event_reactor:joined thread
[43.107s] INFO:colcon.colcon_core.shell:Creating prefix script '/home/laptop13/ros2_nbv_ws/install/local_setup.ps1'
[43.108s] INFO:colcon.colcon_core.shell:Creating prefix util module '/home/laptop13/ros2_nbv_ws/install/_local_setup_util_ps1.py'
[43.109s] INFO:colcon.colcon_core.shell:Creating prefix chain script '/home/laptop13/ros2_nbv_ws/install/setup.ps1'
[43.111s] INFO:colcon.colcon_core.shell:Creating prefix script '/home/laptop13/ros2_nbv_ws/install/local_setup.sh'
[43.112s] INFO:colcon.colcon_core.shell:Creating prefix util module '/home/laptop13/ros2_nbv_ws/install/_local_setup_util_sh.py'
[43.112s] INFO:colcon.colcon_core.shell:Creating prefix chain script '/home/laptop13/ros2_nbv_ws/install/setup.sh'
[43.113s] INFO:colcon.colcon_core.shell:Creating prefix script '/home/laptop13/ros2_nbv_ws/install/local_setup.bash'
[43.114s] INFO:colcon.colcon_core.shell:Creating prefix chain script '/home/laptop13/ros2_nbv_ws/install/setup.bash'
[43.115s] INFO:colcon.colcon_core.shell:Creating prefix script '/home/laptop13/ros2_nbv_ws/install/local_setup.zsh'
[43.115s] INFO:colcon.colcon_core.shell:Creating prefix chain script '/home/laptop13/ros2_nbv_ws/install/setup.zsh'
